#
# There is insufficient memory for the Java Runtime Environment to continue.
# Native memory allocation (malloc) failed to allocate 32744 bytes for ChunkPool::allocate
# Possible reasons:
#   The system is out of physical RAM or swap space
#   The process is running with CompressedOops enabled, and the Java Heap may be blocking the growth of the native heap
# Possible solutions:
#   Reduce memory load on the system
#   Increase physical memory or swap space
#   Check if swap backing store is full
#   Decrease Java heap size (-Xmx/-Xms)
#   Decrease number of Java threads
#   Decrease Java thread stack sizes (-Xss)
#   Set larger code cache with -XX:ReservedCodeCacheSize=
#   JVM is running with Unscaled Compressed Oops mode in which the Java heap is
#     placed in the first 4GB address space. The Java Heap base address is the
#     maximum limit for the native heap growth. Please use -XX:HeapBaseMinAddress
#     to set the Java Heap base and to place the Java Heap above 4GB virtual address.
# This output file may be truncated or incomplete.
#
#  Out of Memory Error (arena.cpp:78), pid=19344, tid=20056
#
# JRE version: OpenJDK Runtime Environment JBR-17.0.8.1+7-1000.32-jcef (17.0.8.1+7) (build 17.0.8.1+7-b1000.32)
# Java VM: OpenJDK 64-Bit Server VM JBR-17.0.8.1+7-1000.32-jcef (17.0.8.1+7-b1000.32, mixed mode, tiered, compressed oops, compressed class ptrs, g1 gc, windows-amd64)
# No core dump will be written. Minidumps are not enabled by default on client versions of Windows
#

---------------  S U M M A R Y ------------

Command Line: -Djava.rmi.server.hostname=127.0.0.1 -Duser.timezone=UTC -Xmx2048m -Xms128m -Djna.boot.library.path=C:\Program Files\JetBrains\IntelliJ IDEA 2023.2.3/lib/jna/amd64 -Djna.nosys=true -Djna.noclasspath=true -Djdbc.classpath=C:\Program Files\JetBrains\IntelliJ IDEA 2023.2.3\plugins\DatabaseTools\lib\jdbc-console.jar;C:\Users\Elence\AppData\Roaming\JetBrains\IntelliJIdea2023.2\jdbc-drivers\PostgreSQL\42.7.3\org\postgresql\postgresql\42.7.3\postgresql-42.7.3.jar;C:\Users\Elence\AppData\Roaming\JetBrains\IntelliJIdea2023.2\jdbc-drivers\PostgreSQL\42.7.3\org\checkerframework\checker-qual\3.42.0\checker-qual-3.42.0.jar;C:\Users\Elence\AppData\Roaming\JetBrains\IntelliJIdea2023.2\jdbc-drivers\PostgreSQL\42.7.3\com\github\waffle\waffle-jna\1.9.1\waffle-jna-1.9.1.jar;C:\Users\Elence\AppData\Roaming\JetBrains\IntelliJIdea2023.2\jdbc-drivers\PostgreSQL\42.7.3\net\java\dev\jna\jna\4.5.1\jna-4.5.1.jar;C:\Users\Elence\AppData\Roaming\JetBrains\IntelliJIdea2023.2\jdbc-drivers\PostgreSQL\42.7.3\net\java\dev\jna\jna-platform\4.5.1\jna-platform-4.5.1.jar;C:\Users\Elence\AppData\Roaming\JetBrains\IntelliJIdea2023.2\jdbc-drivers\PostgreSQL\42.7.3\org\slf4j\jcl-over-slf4j\1.7.25\jcl-over-slf4j-1.7.25.jar;C:\Users\Elence\AppData\Roaming\JetBrains\IntelliJIdea2023.2\jdbc-drivers\PostgreSQL\42.7.3\org\slf4j\slf4j-api\1.7.25\slf4j-api-1.7.25.jar;C:\Users\Elence\AppData\Roaming\JetBrains\IntelliJIdea2023.2\jdbc-drivers\PostgreSQL\42.7.3\com\github\ben-manes\caffeine\caffeine\2.6.2\caffeine-2.6.2.jar --add-exports=java.desktop/sun.awt=ALL-UNNAMED --add-exports=java.desktop/java.awt.peer=ALL-UNNAMED --add-opens=java.desktop/java.awt=ALL-UNNAMED --add-opens=jdk.unsupported/sun.misc=ALL-UNNAMED --add-opens=java.base/java.nio=ALL-UNNAMED --add-opens=java.base/java.util=ALL-UNNAMED -Dfile.encoding=UTF-8 com.intellij.database.remote.RemoteJdbcServer org.postgresql.Driver

Host: Intel(R) Core(TM) i5-1035G1 CPU @ 1.00GHz, 8 cores, 11G,  Windows 10 , 64 bit Build 19041 (10.0.19041.5678)
Time: Tue May  6 14:26:33 2025 Central European Daylight Time elapsed time: 614.093972 seconds (0d 0h 10m 14s)

---------------  T H R E A D  ---------------

Current thread (0x0000026c840469e0):  JavaThread "C2 CompilerThread0" daemon [_thread_in_native, id=20056, stack(0x000000c4e5800000,0x000000c4e5900000)]


Current CompileTask:
C2: 614094 2710   !   4       java.io.ObjectOutputStream::writeSerialData (223 bytes)

Stack: [0x000000c4e5800000,0x000000c4e5900000]
Native frames: (J=compiled Java code, j=interpreted, Vv=VM code, C=native code)
V  [jvm.dll+0x6852da]
V  [jvm.dll+0x844c84]
V  [jvm.dll+0x84659e]
V  [jvm.dll+0x846c03]
V  [jvm.dll+0x24b7cf]
V  [jvm.dll+0xac5dc]
V  [jvm.dll+0xac98c]
V  [jvm.dll+0x23f46a]
V  [jvm.dll+0x6ac902]
V  [jvm.dll+0x350d6b]
V  [jvm.dll+0x1aa2e7]
V  [jvm.dll+0x2b1f04]
V  [jvm.dll+0x69d6d5]
V  [jvm.dll+0x69569b]
V  [jvm.dll+0x694cd7]
V  [jvm.dll+0x692bc2]
V  [jvm.dll+0x1a982c]
V  [jvm.dll+0x1aa3f6]
V  [jvm.dll+0x2b1f04]
V  [jvm.dll+0x69d6d5]
V  [jvm.dll+0x69569b]
V  [jvm.dll+0x694cd7]
V  [jvm.dll+0x692bc2]
V  [jvm.dll+0x1a982c]
V  [jvm.dll+0x1aa3f6]
V  [jvm.dll+0x2b1f04]
V  [jvm.dll+0x69d6d5]
V  [jvm.dll+0x69569b]
V  [jvm.dll+0x694cd7]
V  [jvm.dll+0x692bc2]
V  [jvm.dll+0x1a982c]
V  [jvm.dll+0x1aa3f6]
V  [jvm.dll+0x2b1f04]
V  [jvm.dll+0x69d6d5]
V  [jvm.dll+0x69569b]
V  [jvm.dll+0x694cd7]
V  [jvm.dll+0x692bc2]
V  [jvm.dll+0x1a982c]
V  [jvm.dll+0x1aa3f6]
V  [jvm.dll+0x2b1f04]
V  [jvm.dll+0x69d6d5]
V  [jvm.dll+0x69569b]
V  [jvm.dll+0x694cd7]
V  [jvm.dll+0x692bc2]
V  [jvm.dll+0x1a982c]
V  [jvm.dll+0x1aa3f6]
V  [jvm.dll+0x2b1f04]
V  [jvm.dll+0x69d6d5]
V  [jvm.dll+0x69569b]
V  [jvm.dll+0x694cd7]
V  [jvm.dll+0x692bc2]
V  [jvm.dll+0x1a982c]
V  [jvm.dll+0x21c7d8]
V  [jvm.dll+0x1a660d]
V  [jvm.dll+0x22c9c8]
V  [jvm.dll+0x22a990]
V  [jvm.dll+0x7f9d3c]
V  [jvm.dll+0x7f415a]
V  [jvm.dll+0x684115]
C  [ucrtbase.dll+0x21bb2]
C  [KERNEL32.DLL+0x17374]
C  [ntdll.dll+0x4cc91]


---------------  P R O C E S S  ---------------

Threads class SMR info:
_java_thread_list=0x0000026c84aa73e0, length=21, elements={
0x0000026ce1872680, 0x0000026c84017630, 0x0000026c84018240, 0x0000026cfb99e260,
0x0000026c84043020, 0x0000026c84045510, 0x0000026c84045de0, 0x0000026c840469e0,
0x0000026c840528b0, 0x0000026c840531c0, 0x0000026c841de060, 0x0000026c841de540,
0x0000026c845c4210, 0x0000026c842cb9c0, 0x0000026c845ea570, 0x0000026c845feba0,
0x0000026c846038f0, 0x0000026c84777f10, 0x0000026c84778420, 0x0000026c84778e40,
0x0000026c84779350
}

Java Threads: ( => current thread )
  0x0000026ce1872680 JavaThread "main" [_thread_blocked, id=17472, stack(0x000000c4e4b00000,0x000000c4e4c00000)]
  0x0000026c84017630 JavaThread "Reference Handler" daemon [_thread_blocked, id=2904, stack(0x000000c4e5200000,0x000000c4e5300000)]
  0x0000026c84018240 JavaThread "Finalizer" daemon [_thread_blocked, id=29584, stack(0x000000c4e5300000,0x000000c4e5400000)]
  0x0000026cfb99e260 JavaThread "Signal Dispatcher" daemon [_thread_blocked, id=28352, stack(0x000000c4e5400000,0x000000c4e5500000)]
  0x0000026c84043020 JavaThread "Attach Listener" daemon [_thread_blocked, id=9200, stack(0x000000c4e5500000,0x000000c4e5600000)]
  0x0000026c84045510 JavaThread "Service Thread" daemon [_thread_blocked, id=29544, stack(0x000000c4e5600000,0x000000c4e5700000)]
  0x0000026c84045de0 JavaThread "Monitor Deflation Thread" daemon [_thread_blocked, id=29524, stack(0x000000c4e5700000,0x000000c4e5800000)]
=>0x0000026c840469e0 JavaThread "C2 CompilerThread0" daemon [_thread_in_native, id=20056, stack(0x000000c4e5800000,0x000000c4e5900000)]
  0x0000026c840528b0 JavaThread "C1 CompilerThread0" daemon [_thread_blocked, id=29436, stack(0x000000c4e5900000,0x000000c4e5a00000)]
  0x0000026c840531c0 JavaThread "Sweeper thread" daemon [_thread_blocked, id=10632, stack(0x000000c4e5a00000,0x000000c4e5b00000)]
  0x0000026c841de060 JavaThread "Common-Cleaner" daemon [_thread_blocked, id=23196, stack(0x000000c4e5b00000,0x000000c4e5c00000)]
  0x0000026c841de540 JavaThread "Notification Thread" daemon [_thread_blocked, id=6832, stack(0x000000c4e5c00000,0x000000c4e5d00000)]
  0x0000026c845c4210 JavaThread "RMI TCP Accept-36998" daemon [_thread_in_native, id=28048, stack(0x000000c4e5e00000,0x000000c4e5f00000)]
  0x0000026c842cb9c0 JavaThread "RMI TCP Accept-0" daemon [_thread_in_native, id=29256, stack(0x000000c4e5f00000,0x000000c4e6000000)]
  0x0000026c845ea570 JavaThread "RMI Reaper" [_thread_blocked, id=10772, stack(0x000000c4e6000000,0x000000c4e6100000)]
  0x0000026c845feba0 JavaThread "RMI GC Daemon" daemon [_thread_blocked, id=29520, stack(0x000000c4e6100000,0x000000c4e6200000)]
  0x0000026c846038f0 JavaThread "RMI TCP Connection(2)-127.0.0.1" daemon [_thread_in_native, id=28540, stack(0x000000c4e6300000,0x000000c4e6400000)]
  0x0000026c84777f10 JavaThread "RMI TCP Connection(4)-127.0.0.1" daemon [_thread_in_native, id=29340, stack(0x000000c4e6400000,0x000000c4e6500000)]
  0x0000026c84778420 JavaThread "RMI Scheduler(0)" daemon [_thread_blocked, id=11156, stack(0x000000c4e6600000,0x000000c4e6700000)]
  0x0000026c84778e40 JavaThread "RMI RenewClean-[127.0.0.1:55060]" daemon [_thread_blocked, id=9072, stack(0x000000c4e6700000,0x000000c4e6800000)]
  0x0000026c84779350 JavaThread "PostgreSQL-JDBC-Cleaner" daemon [_thread_blocked, id=11880, stack(0x000000c4e6900000,0x000000c4e6a00000)]

Other Threads:
  0x0000026cfb987af0 VMThread "VM Thread" [stack: 0x000000c4e5100000,0x000000c4e5200000] [id=29604]
  0x0000026c841dee30 WatcherThread [stack: 0x000000c4e5d00000,0x000000c4e5e00000] [id=11716]
  0x0000026ce18d17a0 GCTaskThread "GC Thread#0" [stack: 0x000000c4e4c00000,0x000000c4e4d00000] [id=26720]
  0x0000026c851f25e0 GCTaskThread "GC Thread#1" [stack: 0x000000c4e6a00000,0x000000c4e6b00000] [id=18740]
  0x0000026c85c45750 GCTaskThread "GC Thread#2" [stack: 0x000000c4e6b00000,0x000000c4e6c00000] [id=25572]
  0x0000026c85c45a10 GCTaskThread "GC Thread#3" [stack: 0x000000c4e6c00000,0x000000c4e6d00000] [id=26632]
  0x0000026c866fd700 GCTaskThread "GC Thread#4" [stack: 0x000000c4e6d00000,0x000000c4e6e00000] [id=2608]
  0x0000026c857d2520 GCTaskThread "GC Thread#5" [stack: 0x000000c4e6e00000,0x000000c4e6f00000] [id=29368]
  0x0000026c857d27e0 GCTaskThread "GC Thread#6" [stack: 0x000000c4e6f00000,0x000000c4e7000000] [id=25888]
  0x0000026c852a2850 GCTaskThread "GC Thread#7" [stack: 0x000000c4e7000000,0x000000c4e7100000] [id=22340]
  0x0000026ce18e2600 ConcurrentGCThread "G1 Main Marker" [stack: 0x000000c4e4d00000,0x000000c4e4e00000] [id=14028]
  0x0000026ce18e2f20 ConcurrentGCThread "G1 Conc#0" [stack: 0x000000c4e4e00000,0x000000c4e4f00000] [id=7236]
  0x0000026ce192ec20 ConcurrentGCThread "G1 Refine#0" [stack: 0x000000c4e4f00000,0x000000c4e5000000] [id=6464]
  0x0000026c852a2b10 ConcurrentGCThread "G1 Refine#1" [stack: 0x000000c4e7100000,0x000000c4e7200000] [id=29312]
  0x0000026cfb7dfb80 ConcurrentGCThread "G1 Service" [stack: 0x000000c4e5000000,0x000000c4e5100000] [id=11416]

Threads with active compile tasks:
C2 CompilerThread0   614156 2710   !   4       java.io.ObjectOutputStream::writeSerialData (223 bytes)

VM state: not at safepoint (normal execution)

VM Mutex/Monitor currently owned by a thread: None

Heap address: 0x0000000080000000, size: 2048 MB, Compressed Oops mode: 32-bit

CDS archive(s) not mapped
Compressed class space mapped at: 0x0000000100000000-0x0000000140000000, reserved size: 1073741824
Narrow klass base: 0x0000000000000000, Narrow klass shift: 3, Narrow klass range: 0x140000000

GC Precious Log:
 CPUs: 8 total, 8 available
 Memory: 12069M
 Large Page Support: Disabled
 NUMA Support: Disabled
 Compressed Oops: Enabled (32-bit)
 Heap Region Size: 1M
 Heap Min Capacity: 128M
 Heap Initial Capacity: 128M
 Heap Max Capacity: 2G
 Pre-touch: Disabled
 Parallel Workers: 8
 Concurrent Workers: 2
 Concurrent Refinement Workers: 8
 Periodic GC: Disabled

Heap:
 garbage-first heap   total 131072K, used 53222K [0x0000000080000000, 0x0000000100000000)
  region size 1024K, 44 young (45056K), 2 survivors (2048K)
 Metaspace       used 20612K, committed 20992K, reserved 1114112K
  class space    used 2085K, committed 2240K, reserved 1048576K

Heap Regions: E=young(eden), S=young(survivor), O=old, HS=humongous(starts), HC=humongous(continues), CS=collection set, F=free, OA=open archive, CA=closed archive, TAMS=top-at-mark-start (previous, next)
|   0|0x0000000080000000, 0x0000000080100000, 0x0000000080100000|100%|HS|  |TAMS 0x0000000080000000, 0x0000000080000000| Complete 
|   1|0x0000000080100000, 0x0000000080200000, 0x0000000080200000|100%|HC|  |TAMS 0x0000000080100000, 0x0000000080100000| Complete 
|   2|0x0000000080200000, 0x0000000080300000, 0x0000000080300000|100%|HC|  |TAMS 0x0000000080200000, 0x0000000080200000| Complete 
|   3|0x0000000080300000, 0x0000000080400000, 0x0000000080400000|100%|HS|  |TAMS 0x0000000080300000, 0x0000000080300000| Complete 
|   4|0x0000000080400000, 0x0000000080500000, 0x0000000080500000|100%| O|  |TAMS 0x0000000080400000, 0x0000000080400000| Untracked 
|   5|0x0000000080500000, 0x0000000080600000, 0x0000000080600000|100%| O|  |TAMS 0x0000000080500000, 0x0000000080500000| Untracked 
|   6|0x0000000080600000, 0x0000000080700000, 0x0000000080700000|100%| O|  |TAMS 0x0000000080600000, 0x0000000080600000| Untracked 
|   7|0x0000000080700000, 0x0000000080800000, 0x0000000080800000|100%| O|  |TAMS 0x0000000080700000, 0x0000000080700000| Untracked 
|   8|0x0000000080800000, 0x0000000080900000, 0x0000000080900000|100%| O|  |TAMS 0x0000000080800000, 0x0000000080800000| Untracked 
|   9|0x0000000080900000, 0x00000000809eca00, 0x0000000080a00000| 92%| O|  |TAMS 0x0000000080900000, 0x0000000080900000| Untracked 
|  10|0x0000000080a00000, 0x0000000080a00000, 0x0000000080b00000|  0%| F|  |TAMS 0x0000000080a00000, 0x0000000080a00000| Untracked 
|  11|0x0000000080b00000, 0x0000000080b00000, 0x0000000080c00000|  0%| F|  |TAMS 0x0000000080b00000, 0x0000000080b00000| Untracked 
|  12|0x0000000080c00000, 0x0000000080c00000, 0x0000000080d00000|  0%| F|  |TAMS 0x0000000080c00000, 0x0000000080c00000| Untracked 
|  13|0x0000000080d00000, 0x0000000080d00000, 0x0000000080e00000|  0%| F|  |TAMS 0x0000000080d00000, 0x0000000080d00000| Untracked 
|  14|0x0000000080e00000, 0x0000000080e00000, 0x0000000080f00000|  0%| F|  |TAMS 0x0000000080e00000, 0x0000000080e00000| Untracked 
|  15|0x0000000080f00000, 0x0000000080f00000, 0x0000000081000000|  0%| F|  |TAMS 0x0000000080f00000, 0x0000000080f00000| Untracked 
|  16|0x0000000081000000, 0x0000000081000000, 0x0000000081100000|  0%| F|  |TAMS 0x0000000081000000, 0x0000000081000000| Untracked 
|  17|0x0000000081100000, 0x0000000081100000, 0x0000000081200000|  0%| F|  |TAMS 0x0000000081100000, 0x0000000081100000| Untracked 
|  18|0x0000000081200000, 0x0000000081200000, 0x0000000081300000|  0%| F|  |TAMS 0x0000000081200000, 0x0000000081200000| Untracked 
|  19|0x0000000081300000, 0x0000000081300000, 0x0000000081400000|  0%| F|  |TAMS 0x0000000081300000, 0x0000000081300000| Untracked 
|  20|0x0000000081400000, 0x0000000081400000, 0x0000000081500000|  0%| F|  |TAMS 0x0000000081400000, 0x0000000081400000| Untracked 
|  21|0x0000000081500000, 0x0000000081500000, 0x0000000081600000|  0%| F|  |TAMS 0x0000000081500000, 0x0000000081500000| Untracked 
|  22|0x0000000081600000, 0x0000000081600000, 0x0000000081700000|  0%| F|  |TAMS 0x0000000081600000, 0x0000000081600000| Untracked 
|  23|0x0000000081700000, 0x0000000081700000, 0x0000000081800000|  0%| F|  |TAMS 0x0000000081700000, 0x0000000081700000| Untracked 
|  24|0x0000000081800000, 0x0000000081800000, 0x0000000081900000|  0%| F|  |TAMS 0x0000000081800000, 0x0000000081800000| Untracked 
|  25|0x0000000081900000, 0x0000000081900000, 0x0000000081a00000|  0%| F|  |TAMS 0x0000000081900000, 0x0000000081900000| Untracked 
|  26|0x0000000081a00000, 0x0000000081a00000, 0x0000000081b00000|  0%| F|  |TAMS 0x0000000081a00000, 0x0000000081a00000| Untracked 
|  27|0x0000000081b00000, 0x0000000081b00000, 0x0000000081c00000|  0%| F|  |TAMS 0x0000000081b00000, 0x0000000081b00000| Untracked 
|  28|0x0000000081c00000, 0x0000000081c00000, 0x0000000081d00000|  0%| F|  |TAMS 0x0000000081c00000, 0x0000000081c00000| Untracked 
|  29|0x0000000081d00000, 0x0000000081d00000, 0x0000000081e00000|  0%| F|  |TAMS 0x0000000081d00000, 0x0000000081d00000| Untracked 
|  30|0x0000000081e00000, 0x0000000081e00000, 0x0000000081f00000|  0%| F|  |TAMS 0x0000000081e00000, 0x0000000081e00000| Untracked 
|  31|0x0000000081f00000, 0x0000000081f00000, 0x0000000082000000|  0%| F|  |TAMS 0x0000000081f00000, 0x0000000081f00000| Untracked 
|  32|0x0000000082000000, 0x0000000082000000, 0x0000000082100000|  0%| F|  |TAMS 0x0000000082000000, 0x0000000082000000| Untracked 
|  33|0x0000000082100000, 0x0000000082100000, 0x0000000082200000|  0%| F|  |TAMS 0x0000000082100000, 0x0000000082100000| Untracked 
|  34|0x0000000082200000, 0x0000000082200000, 0x0000000082300000|  0%| F|  |TAMS 0x0000000082200000, 0x0000000082200000| Untracked 
|  35|0x0000000082300000, 0x0000000082300000, 0x0000000082400000|  0%| F|  |TAMS 0x0000000082300000, 0x0000000082300000| Untracked 
|  36|0x0000000082400000, 0x0000000082400000, 0x0000000082500000|  0%| F|  |TAMS 0x0000000082400000, 0x0000000082400000| Untracked 
|  37|0x0000000082500000, 0x0000000082500000, 0x0000000082600000|  0%| F|  |TAMS 0x0000000082500000, 0x0000000082500000| Untracked 
|  38|0x0000000082600000, 0x0000000082600000, 0x0000000082700000|  0%| F|  |TAMS 0x0000000082600000, 0x0000000082600000| Untracked 
|  39|0x0000000082700000, 0x0000000082700000, 0x0000000082800000|  0%| F|  |TAMS 0x0000000082700000, 0x0000000082700000| Untracked 
|  40|0x0000000082800000, 0x0000000082800000, 0x0000000082900000|  0%| F|  |TAMS 0x0000000082800000, 0x0000000082800000| Untracked 
|  41|0x0000000082900000, 0x0000000082900000, 0x0000000082a00000|  0%| F|  |TAMS 0x0000000082900000, 0x0000000082900000| Untracked 
|  42|0x0000000082a00000, 0x0000000082a00000, 0x0000000082b00000|  0%| F|  |TAMS 0x0000000082a00000, 0x0000000082a00000| Untracked 
|  43|0x0000000082b00000, 0x0000000082b00000, 0x0000000082c00000|  0%| F|  |TAMS 0x0000000082b00000, 0x0000000082b00000| Untracked 
|  44|0x0000000082c00000, 0x0000000082c00000, 0x0000000082d00000|  0%| F|  |TAMS 0x0000000082c00000, 0x0000000082c00000| Untracked 
|  45|0x0000000082d00000, 0x0000000082d00000, 0x0000000082e00000|  0%| F|  |TAMS 0x0000000082d00000, 0x0000000082d00000| Untracked 
|  46|0x0000000082e00000, 0x0000000082e00000, 0x0000000082f00000|  0%| F|  |TAMS 0x0000000082e00000, 0x0000000082e00000| Untracked 
|  47|0x0000000082f00000, 0x0000000082f00000, 0x0000000083000000|  0%| F|  |TAMS 0x0000000082f00000, 0x0000000082f00000| Untracked 
|  48|0x0000000083000000, 0x0000000083000000, 0x0000000083100000|  0%| F|  |TAMS 0x0000000083000000, 0x0000000083000000| Untracked 
|  49|0x0000000083100000, 0x0000000083100000, 0x0000000083200000|  0%| F|  |TAMS 0x0000000083100000, 0x0000000083100000| Untracked 
|  50|0x0000000083200000, 0x0000000083200000, 0x0000000083300000|  0%| F|  |TAMS 0x0000000083200000, 0x0000000083200000| Untracked 
|  51|0x0000000083300000, 0x0000000083300000, 0x0000000083400000|  0%| F|  |TAMS 0x0000000083300000, 0x0000000083300000| Untracked 
|  52|0x0000000083400000, 0x0000000083400000, 0x0000000083500000|  0%| F|  |TAMS 0x0000000083400000, 0x0000000083400000| Untracked 
|  53|0x0000000083500000, 0x0000000083500000, 0x0000000083600000|  0%| F|  |TAMS 0x0000000083500000, 0x0000000083500000| Untracked 
|  54|0x0000000083600000, 0x0000000083600000, 0x0000000083700000|  0%| F|  |TAMS 0x0000000083600000, 0x0000000083600000| Untracked 
|  55|0x0000000083700000, 0x0000000083700000, 0x0000000083800000|  0%| F|  |TAMS 0x0000000083700000, 0x0000000083700000| Untracked 
|  56|0x0000000083800000, 0x0000000083800000, 0x0000000083900000|  0%| F|  |TAMS 0x0000000083800000, 0x0000000083800000| Untracked 
|  57|0x0000000083900000, 0x0000000083900000, 0x0000000083a00000|  0%| F|  |TAMS 0x0000000083900000, 0x0000000083900000| Untracked 
|  58|0x0000000083a00000, 0x0000000083a00000, 0x0000000083b00000|  0%| F|  |TAMS 0x0000000083a00000, 0x0000000083a00000| Untracked 
|  59|0x0000000083b00000, 0x0000000083b00000, 0x0000000083c00000|  0%| F|  |TAMS 0x0000000083b00000, 0x0000000083b00000| Untracked 
|  60|0x0000000083c00000, 0x0000000083c00000, 0x0000000083d00000|  0%| F|  |TAMS 0x0000000083c00000, 0x0000000083c00000| Untracked 
|  61|0x0000000083d00000, 0x0000000083d00000, 0x0000000083e00000|  0%| F|  |TAMS 0x0000000083d00000, 0x0000000083d00000| Untracked 
|  62|0x0000000083e00000, 0x0000000083e00000, 0x0000000083f00000|  0%| F|  |TAMS 0x0000000083e00000, 0x0000000083e00000| Untracked 
|  63|0x0000000083f00000, 0x0000000083f00000, 0x0000000084000000|  0%| F|  |TAMS 0x0000000083f00000, 0x0000000083f00000| Untracked 
|  64|0x0000000084000000, 0x0000000084000000, 0x0000000084100000|  0%| F|  |TAMS 0x0000000084000000, 0x0000000084000000| Untracked 
|  65|0x0000000084100000, 0x0000000084100000, 0x0000000084200000|  0%| F|  |TAMS 0x0000000084100000, 0x0000000084100000| Untracked 
|  66|0x0000000084200000, 0x0000000084200000, 0x0000000084300000|  0%| F|  |TAMS 0x0000000084200000, 0x0000000084200000| Untracked 
|  67|0x0000000084300000, 0x0000000084300000, 0x0000000084400000|  0%| F|  |TAMS 0x0000000084300000, 0x0000000084300000| Untracked 
|  68|0x0000000084400000, 0x0000000084400000, 0x0000000084500000|  0%| F|  |TAMS 0x0000000084400000, 0x0000000084400000| Untracked 
|  69|0x0000000084500000, 0x0000000084500000, 0x0000000084600000|  0%| F|  |TAMS 0x0000000084500000, 0x0000000084500000| Untracked 
|  70|0x0000000084600000, 0x0000000084600000, 0x0000000084700000|  0%| F|  |TAMS 0x0000000084600000, 0x0000000084600000| Untracked 
|  71|0x0000000084700000, 0x0000000084700000, 0x0000000084800000|  0%| F|  |TAMS 0x0000000084700000, 0x0000000084700000| Untracked 
|  72|0x0000000084800000, 0x0000000084800000, 0x0000000084900000|  0%| F|  |TAMS 0x0000000084800000, 0x0000000084800000| Untracked 
|  73|0x0000000084900000, 0x0000000084900000, 0x0000000084a00000|  0%| F|  |TAMS 0x0000000084900000, 0x0000000084900000| Untracked 
|  74|0x0000000084a00000, 0x0000000084a00000, 0x0000000084b00000|  0%| F|  |TAMS 0x0000000084a00000, 0x0000000084a00000| Untracked 
|  75|0x0000000084b00000, 0x0000000084b00000, 0x0000000084c00000|  0%| F|  |TAMS 0x0000000084b00000, 0x0000000084b00000| Untracked 
|  76|0x0000000084c00000, 0x0000000084c00000, 0x0000000084d00000|  0%| F|  |TAMS 0x0000000084c00000, 0x0000000084c00000| Untracked 
|  77|0x0000000084d00000, 0x0000000084d00000, 0x0000000084e00000|  0%| F|  |TAMS 0x0000000084d00000, 0x0000000084d00000| Untracked 
|  78|0x0000000084e00000, 0x0000000084e00000, 0x0000000084f00000|  0%| F|  |TAMS 0x0000000084e00000, 0x0000000084e00000| Untracked 
|  79|0x0000000084f00000, 0x0000000084f00000, 0x0000000085000000|  0%| F|  |TAMS 0x0000000084f00000, 0x0000000084f00000| Untracked 
|  80|0x0000000085000000, 0x0000000085000000, 0x0000000085100000|  0%| F|  |TAMS 0x0000000085000000, 0x0000000085000000| Untracked 
|  81|0x0000000085100000, 0x0000000085100000, 0x0000000085200000|  0%| F|  |TAMS 0x0000000085100000, 0x0000000085100000| Untracked 
|  82|0x0000000085200000, 0x0000000085200000, 0x0000000085300000|  0%| F|  |TAMS 0x0000000085200000, 0x0000000085200000| Untracked 
|  83|0x0000000085300000, 0x0000000085300000, 0x0000000085400000|  0%| F|  |TAMS 0x0000000085300000, 0x0000000085300000| Untracked 
|  84|0x0000000085400000, 0x00000000854fc6a0, 0x0000000085500000| 98%| E|  |TAMS 0x0000000085400000, 0x0000000085400000| Complete 
|  85|0x0000000085500000, 0x0000000085600000, 0x0000000085600000|100%| E|CS|TAMS 0x0000000085500000, 0x0000000085500000| Complete 
|  86|0x0000000085600000, 0x0000000085700000, 0x0000000085700000|100%| E|CS|TAMS 0x0000000085600000, 0x0000000085600000| Complete 
|  87|0x0000000085700000, 0x0000000085800000, 0x0000000085800000|100%| E|CS|TAMS 0x0000000085700000, 0x0000000085700000| Complete 
|  88|0x0000000085800000, 0x0000000085900000, 0x0000000085900000|100%| E|CS|TAMS 0x0000000085800000, 0x0000000085800000| Complete 
|  89|0x0000000085900000, 0x0000000085a00000, 0x0000000085a00000|100%| E|CS|TAMS 0x0000000085900000, 0x0000000085900000| Complete 
|  90|0x0000000085a00000, 0x0000000085b00000, 0x0000000085b00000|100%| E|CS|TAMS 0x0000000085a00000, 0x0000000085a00000| Complete 
|  91|0x0000000085b00000, 0x0000000085c00000, 0x0000000085c00000|100%| E|CS|TAMS 0x0000000085b00000, 0x0000000085b00000| Complete 
|  92|0x0000000085c00000, 0x0000000085d00000, 0x0000000085d00000|100%| E|CS|TAMS 0x0000000085c00000, 0x0000000085c00000| Complete 
|  93|0x0000000085d00000, 0x0000000085e00000, 0x0000000085e00000|100%| E|CS|TAMS 0x0000000085d00000, 0x0000000085d00000| Complete 
|  94|0x0000000085e00000, 0x0000000085f00000, 0x0000000085f00000|100%| E|CS|TAMS 0x0000000085e00000, 0x0000000085e00000| Complete 
|  95|0x0000000085f00000, 0x0000000086000000, 0x0000000086000000|100%| E|CS|TAMS 0x0000000085f00000, 0x0000000085f00000| Complete 
|  96|0x0000000086000000, 0x0000000086100000, 0x0000000086100000|100%| E|CS|TAMS 0x0000000086000000, 0x0000000086000000| Complete 
|  97|0x0000000086100000, 0x0000000086200000, 0x0000000086200000|100%| E|CS|TAMS 0x0000000086100000, 0x0000000086100000| Complete 
|  98|0x0000000086200000, 0x0000000086300000, 0x0000000086300000|100%| E|CS|TAMS 0x0000000086200000, 0x0000000086200000| Complete 
|  99|0x0000000086300000, 0x0000000086400000, 0x0000000086400000|100%| E|CS|TAMS 0x0000000086300000, 0x0000000086300000| Complete 
| 100|0x0000000086400000, 0x0000000086500000, 0x0000000086500000|100%| E|CS|TAMS 0x0000000086400000, 0x0000000086400000| Complete 
| 101|0x0000000086500000, 0x000000008650cf98, 0x0000000086600000|  5%| S|CS|TAMS 0x0000000086500000, 0x0000000086500000| Complete 
| 102|0x0000000086600000, 0x0000000086700000, 0x0000000086700000|100%| E|CS|TAMS 0x0000000086600000, 0x0000000086600000| Complete 
| 103|0x0000000086700000, 0x0000000086800000, 0x0000000086800000|100%| E|CS|TAMS 0x0000000086700000, 0x0000000086700000| Complete 
| 104|0x0000000086800000, 0x0000000086900000, 0x0000000086900000|100%| E|CS|TAMS 0x0000000086800000, 0x0000000086800000| Complete 
| 105|0x0000000086900000, 0x0000000086a00000, 0x0000000086a00000|100%| S|CS|TAMS 0x0000000086900000, 0x0000000086900000| Complete 
| 106|0x0000000086a00000, 0x0000000086b00000, 0x0000000086b00000|100%| E|CS|TAMS 0x0000000086a00000, 0x0000000086a00000| Complete 
| 107|0x0000000086b00000, 0x0000000086c00000, 0x0000000086c00000|100%| E|CS|TAMS 0x0000000086b00000, 0x0000000086b00000| Complete 
| 108|0x0000000086c00000, 0x0000000086d00000, 0x0000000086d00000|100%| E|CS|TAMS 0x0000000086c00000, 0x0000000086c00000| Complete 
| 109|0x0000000086d00000, 0x0000000086e00000, 0x0000000086e00000|100%| E|CS|TAMS 0x0000000086d00000, 0x0000000086d00000| Complete 
| 110|0x0000000086e00000, 0x0000000086f00000, 0x0000000086f00000|100%| E|CS|TAMS 0x0000000086e00000, 0x0000000086e00000| Complete 
| 111|0x0000000086f00000, 0x0000000087000000, 0x0000000087000000|100%| E|CS|TAMS 0x0000000086f00000, 0x0000000086f00000| Complete 
| 112|0x0000000087000000, 0x0000000087100000, 0x0000000087100000|100%| E|CS|TAMS 0x0000000087000000, 0x0000000087000000| Complete 
| 113|0x0000000087100000, 0x0000000087200000, 0x0000000087200000|100%| E|CS|TAMS 0x0000000087100000, 0x0000000087100000| Complete 
| 114|0x0000000087200000, 0x0000000087300000, 0x0000000087300000|100%| E|CS|TAMS 0x0000000087200000, 0x0000000087200000| Complete 
| 115|0x0000000087300000, 0x0000000087400000, 0x0000000087400000|100%| E|CS|TAMS 0x0000000087300000, 0x0000000087300000| Complete 
| 116|0x0000000087400000, 0x0000000087500000, 0x0000000087500000|100%| E|CS|TAMS 0x0000000087400000, 0x0000000087400000| Complete 
| 117|0x0000000087500000, 0x0000000087600000, 0x0000000087600000|100%| E|CS|TAMS 0x0000000087500000, 0x0000000087500000| Complete 
| 118|0x0000000087600000, 0x0000000087700000, 0x0000000087700000|100%| E|CS|TAMS 0x0000000087600000, 0x0000000087600000| Complete 
| 119|0x0000000087700000, 0x0000000087800000, 0x0000000087800000|100%| E|CS|TAMS 0x0000000087700000, 0x0000000087700000| Complete 
| 120|0x0000000087800000, 0x0000000087900000, 0x0000000087900000|100%| E|CS|TAMS 0x0000000087800000, 0x0000000087800000| Complete 
| 121|0x0000000087900000, 0x0000000087a00000, 0x0000000087a00000|100%| E|CS|TAMS 0x0000000087900000, 0x0000000087900000| Complete 
| 122|0x0000000087a00000, 0x0000000087b00000, 0x0000000087b00000|100%| E|CS|TAMS 0x0000000087a00000, 0x0000000087a00000| Complete 
| 123|0x0000000087b00000, 0x0000000087c00000, 0x0000000087c00000|100%| E|CS|TAMS 0x0000000087b00000, 0x0000000087b00000| Complete 
| 124|0x0000000087c00000, 0x0000000087d00000, 0x0000000087d00000|100%| E|CS|TAMS 0x0000000087c00000, 0x0000000087c00000| Complete 
| 125|0x0000000087d00000, 0x0000000087e00000, 0x0000000087e00000|100%| E|CS|TAMS 0x0000000087d00000, 0x0000000087d00000| Complete 
| 126|0x0000000087e00000, 0x0000000087f00000, 0x0000000087f00000|100%| E|CS|TAMS 0x0000000087e00000, 0x0000000087e00000| Complete 
| 127|0x0000000087f00000, 0x0000000088000000, 0x0000000088000000|100%| E|CS|TAMS 0x0000000087f00000, 0x0000000087f00000| Complete 

Card table byte_map: [0x0000026cf4710000,0x0000026cf4b10000] _byte_map_base: 0x0000026cf4310000

Marking Bits (Prev, Next): (CMBitMap*) 0x0000026ce18d1cd0, (CMBitMap*) 0x0000026ce18d1d10
 Prev Bits: [0x0000026cf4f10000, 0x0000026cf6f10000)
 Next Bits: [0x0000026cf6f10000, 0x0000026cf8f10000)

Polling page: 0x0000026cdf7f0000

Metaspace:

Usage:
  Non-class:     18.09 MB used.
      Class:      2.04 MB used.
       Both:     20.13 MB used.

Virtual space:
  Non-class space:       64.00 MB reserved,      18.31 MB ( 29%) committed,  1 nodes.
      Class space:        1.00 GB reserved,       2.19 MB ( <1%) committed,  1 nodes.
             Both:        1.06 GB reserved,      20.50 MB (  2%) committed. 

Chunk freelists:
   Non-Class:  12.81 MB
       Class:  13.63 MB
        Both:  26.44 MB

MaxMetaspaceSize: unlimited
CompressedClassSpaceSize: 1.00 GB
Initial GC threshold: 21.00 MB
Current GC threshold: 21.00 MB
CDS: off
MetaspaceReclaimPolicy: balanced
 - commit_granule_bytes: 65536.
 - commit_granule_words: 8192.
 - virtual_space_node_default_size: 8388608.
 - enlarge_chunks_in_place: 1.
 - new_chunks_are_fully_committed: 0.
 - uncommit_free_chunks: 1.
 - use_allocation_guard: 0.
 - handle_deallocations: 1.


Internal statistics:

num_allocs_failed_limit: 0.
num_arena_births: 390.
num_arena_deaths: 0.
num_vsnodes_births: 2.
num_vsnodes_deaths: 0.
num_space_committed: 328.
num_space_uncommitted: 0.
num_chunks_returned_to_freelist: 0.
num_chunks_taken_from_freelist: 802.
num_chunk_merges: 0.
num_chunk_splits: 449.
num_chunks_enlarged: 187.
num_inconsistent_stats: 0.

CodeHeap 'non-profiled nmethods': size=120000Kb used=1495Kb max_used=1495Kb free=118504Kb
 bounds [0x0000026cecab0000, 0x0000026cecd20000, 0x0000026cf3fe0000]
CodeHeap 'profiled nmethods': size=120000Kb used=5638Kb max_used=5638Kb free=114361Kb
 bounds [0x0000026ce4fe0000, 0x0000026ce5570000, 0x0000026cec510000]
CodeHeap 'non-nmethods': size=5760Kb used=1220Kb max_used=1281Kb free=4539Kb
 bounds [0x0000026cec510000, 0x0000026cec780000, 0x0000026cecab0000]
 total_blobs=3216 nmethods=2705 adapters=423
 compilation: enabled
              stopped_count=0, restarted_count=0
 full_count=0

Compilation events (20 events):
Event: 325.059 Thread 0x0000026c840528b0 nmethod 2699 0x0000026ce555d590 code [0x0000026ce555d860, 0x0000026ce555e8a8]
Event: 325.151 Thread 0x0000026c840528b0 2700       3       java.util.concurrent.locks.AbstractQueuedSynchronizer$Node::setStatusRelaxed (12 bytes)
Event: 325.152 Thread 0x0000026c840528b0 nmethod 2700 0x0000026ce555ef10 code [0x0000026ce555f0a0, 0x0000026ce555f1b8]
Event: 325.183 Thread 0x0000026c840528b0 2701       3       jdk.internal.misc.Unsafe::putIntOpaque (9 bytes)
Event: 325.183 Thread 0x0000026c840528b0 nmethod 2701 0x0000026ce555f290 code [0x0000026ce555f420, 0x0000026ce555f538]
Event: 325.599 Thread 0x0000026c840469e0 2703       4       jdk.internal.misc.Unsafe::putReferenceOpaque (9 bytes)
Event: 325.601 Thread 0x0000026c840469e0 nmethod 2703 0x0000026cecc20010 code [0x0000026cecc20180, 0x0000026cecc202b8]
Event: 343.967 Thread 0x0000026c840469e0 2704       4       sun.rmi.transport.StreamRemoteCall::getOutputStream (39 bytes)
Event: 343.968 Thread 0x0000026c840528b0 2705  s    3       java.io.BufferedOutputStream::flush (12 bytes)
Event: 343.968 Thread 0x0000026c840528b0 nmethod 2705 0x0000026ce555f610 code [0x0000026ce555f7e0, 0x0000026ce555fbd8]
Event: 344.183 Thread 0x0000026c840469e0 nmethod 2704 0x0000026cecc20310 code [0x0000026cecc205e0, 0x0000026cecc23ac8]
Event: 388.980 Thread 0x0000026c840528b0 2706   !   3       sun.nio.ch.NioSocketImpl::tryRead (87 bytes)
Event: 388.982 Thread 0x0000026c840528b0 nmethod 2706 0x0000026ce555fd10 code [0x0000026ce555ff20, 0x0000026ce5560498]
Event: 415.994 Thread 0x0000026c840469e0 2707       4       jdk.internal.misc.Unsafe::checkSize (32 bytes)
Event: 415.996 Thread 0x0000026c840469e0 nmethod 2707 0x0000026cecc25090 code [0x0000026cecc25200, 0x0000026cecc25298]
Event: 452.009 Thread 0x0000026c840469e0 2708       4       jdk.internal.misc.Unsafe::copyMemory (33 bytes)
Event: 452.017 Thread 0x0000026c840469e0 nmethod 2708 0x0000026cecc25390 code [0x0000026cecc25520, 0x0000026cecc25898]
Event: 506.025 Thread 0x0000026c840528b0 2709       3       java.util.concurrent.ScheduledThreadPoolExecutor$DelayedWorkQueue::siftUp (64 bytes)
Event: 506.026 Thread 0x0000026c840528b0 nmethod 2709 0x0000026ce5560790 code [0x0000026ce55609c0, 0x0000026ce5561608]
Event: 614.071 Thread 0x0000026c840469e0 2710   !   4       java.io.ObjectOutputStream::writeSerialData (223 bytes)

GC Heap History (4 events):
Event: 4.554 GC heap before
{Heap before GC invocations=0 (full 0):
 garbage-first heap   total 131072K, used 26624K [0x0000000080000000, 0x0000000100000000)
  region size 1024K, 23 young (23552K), 0 survivors (0K)
 Metaspace       used 18468K, committed 18752K, reserved 1114112K
  class space    used 1909K, committed 2048K, reserved 1048576K
}
Event: 4.566 GC heap after
{Heap after GC invocations=1 (full 0):
 garbage-first heap   total 131072K, used 9704K [0x0000000080000000, 0x0000000100000000)
  region size 1024K, 3 young (3072K), 3 survivors (3072K)
 Metaspace       used 18468K, committed 18752K, reserved 1114112K
  class space    used 1909K, committed 2048K, reserved 1048576K
}
Event: 17.439 GC heap before
{Heap before GC invocations=1 (full 0):
 garbage-first heap   total 131072K, used 32232K [0x0000000080000000, 0x0000000100000000)
  region size 1024K, 25 young (25600K), 3 survivors (3072K)
 Metaspace       used 20264K, committed 20608K, reserved 1114112K
  class space    used 2079K, committed 2240K, reserved 1048576K
}
Event: 17.446 GC heap after
{Heap after GC invocations=2 (full 0):
 garbage-first heap   total 131072K, used 11238K [0x0000000080000000, 0x0000000100000000)
  region size 1024K, 2 young (2048K), 2 survivors (2048K)
 Metaspace       used 20264K, committed 20608K, reserved 1114112K
  class space    used 2079K, committed 2240K, reserved 1048576K
}

Dll operation events (1 events):
Event: 0.014 Loaded shared library C:\Program Files\JetBrains\IntelliJ IDEA 2023.2.3\jbr\bin\java.dll

Deoptimization events (20 events):
Event: 27.219 Thread 0x0000026c84777f10 Uncommon trap: trap_request=0xffffffcc fr.pc=0x0000026cecc08458 relative=0x0000000000004198
Event: 27.219 Thread 0x0000026c84777f10 Uncommon trap: reason=intrinsic_or_type_checked_inlining action=make_not_entrant pc=0x0000026cecc08458 method=java.util.ArrayList.toArray([Ljava/lang/Object;)[Ljava/lang/Object; @ 36 c2
Event: 27.219 Thread 0x0000026c84777f10 DEOPT PACKING pc=0x0000026cecc08458 sp=0x000000c4e64fe270
Event: 27.219 Thread 0x0000026c84777f10 DEOPT UNPACKING pc=0x0000026cec56a1a3 sp=0x000000c4e64fe0c0 mode 2
Event: 31.682 Thread 0x0000026c84778930 Uncommon trap: trap_request=0xffffff45 fr.pc=0x0000026cecb64fd8 relative=0x0000000000000698
Event: 31.682 Thread 0x0000026c84778930 Uncommon trap: reason=unstable_if action=reinterpret pc=0x0000026cecb64fd8 method=java.io.BufferedInputStream.read()I @ 23 c2
Event: 31.683 Thread 0x0000026c84778930 DEOPT PACKING pc=0x0000026cecb64fd8 sp=0x000000c4e65ff180
Event: 31.683 Thread 0x0000026c84778930 DEOPT UNPACKING pc=0x0000026cec56a1a3 sp=0x000000c4e65ff160 mode 2
Event: 46.683 Thread 0x0000026c84779860 Uncommon trap: trap_request=0xffffff45 fr.pc=0x0000026cecbfaf70 relative=0x0000000000000b50
Event: 46.684 Thread 0x0000026c84779860 Uncommon trap: reason=unstable_if action=reinterpret pc=0x0000026cecbfaf70 method=sun.nio.ch.NioSocketImpl.implRead([BII)I @ 150 c2
Event: 46.684 Thread 0x0000026c84779860 DEOPT PACKING pc=0x0000026cecbfaf70 sp=0x000000c4e72fee20
Event: 46.684 Thread 0x0000026c84779860 DEOPT UNPACKING pc=0x0000026cec56a1a3 sp=0x000000c4e72fed58 mode 2
Event: 324.008 Thread 0x0000026c84778e40 Uncommon trap: trap_request=0xffffff45 fr.pc=0x0000026cecbe55c0 relative=0x0000000000002140
Event: 324.009 Thread 0x0000026c84778e40 Uncommon trap: reason=unstable_if action=reinterpret pc=0x0000026cecbe55c0 method=java.lang.ThreadLocal.get()Ljava/lang/Object; @ 11 c2
Event: 324.009 Thread 0x0000026c84778e40 DEOPT PACKING pc=0x0000026cecbe55c0 sp=0x000000c4e67fe960
Event: 324.009 Thread 0x0000026c84778e40 DEOPT UNPACKING pc=0x0000026cec56a1a3 sp=0x000000c4e67fe5a0 mode 2
Event: 324.009 Thread 0x0000026c84778e40 Uncommon trap: trap_request=0xffffff45 fr.pc=0x0000026cecbd7474 relative=0x0000000000000974
Event: 324.009 Thread 0x0000026c84778e40 Uncommon trap: reason=unstable_if action=reinterpret pc=0x0000026cecbd7474 method=sun.nio.ch.Util$BufferCache.get(I)Ljava/nio/ByteBuffer; @ 47 c2
Event: 324.009 Thread 0x0000026c84778e40 DEOPT PACKING pc=0x0000026cecbd7474 sp=0x000000c4e67fe5c0
Event: 324.009 Thread 0x0000026c84778e40 DEOPT UNPACKING pc=0x0000026cec56a1a3 sp=0x000000c4e67fe488 mode 2

Classes unloaded (0 events):
No events

Classes redefined (0 events):
No events

Internal exceptions (20 events):
Event: 2.498 Thread 0x0000026c84777f10 Exception <a 'java/lang/NoSuchMethodError'{0x000000008721d1e0}: 'int java.lang.invoke.DirectMethodHandle$Holder.invokeStaticInit(java.lang.Object, java.lang.Object)'> (0x000000008721d1e0) 
thrown [s\src\hotspot\share\interpreter\linkResolver.cpp, line 771]
Event: 3.561 Thread 0x0000026c84777f10 Exception <a 'sun/nio/fs/WindowsException'{0x0000000086fdf320}> (0x0000000086fdf320) 
thrown [s\src\hotspot\share\prims\jni.cpp, line 517]
Event: 4.198 Thread 0x0000026c84777f10 Exception <a 'java/lang/NoSuchMethodError'{0x0000000086ca2080}: 'java.lang.Object java.lang.invoke.DirectMethodHandle$Holder.invokeStaticInit(java.lang.Object, java.lang.Object, java.lang.Object)'> (0x0000000086ca2080) 
thrown [s\src\hotspot\share\interpreter\linkResolver.cpp, line 771]
Event: 4.223 Thread 0x0000026c84777f10 Exception <a 'java/lang/NoSuchMethodError'{0x0000000086cfcda0}: 'java.lang.Object java.lang.invoke.DirectMethodHandle$Holder.newInvokeSpecial(java.lang.Object, java.lang.Object, int)'> (0x0000000086cfcda0) 
thrown [s\src\hotspot\share\interpreter\linkResolver.cpp, line 771]
Event: 4.933 Thread 0x0000026c84777f10 Exception <a 'java/lang/reflect/InvocationTargetException'{0x0000000087fedf78}> (0x0000000087fedf78) 
thrown [s\src\hotspot\share\runtime\reflection.cpp, line 1127]
Event: 4.944 Thread 0x0000026c84777f10 Exception <a 'java/lang/NoSuchMethodError'{0x0000000087e109f0}: static [Ljava/lang/StackTraceElement;.<clinit>()V> (0x0000000087e109f0) 
thrown [s\src\hotspot\share\prims\jni.cpp, line 1108]
Event: 5.152 Thread 0x0000026c84777f10 Exception <a 'java/lang/NoSuchMethodError'{0x0000000087c3d7d0}: static [Ljava/lang/Object;.<clinit>()V> (0x0000000087c3d7d0) 
thrown [s\src\hotspot\share\prims\jni.cpp, line 1108]
Event: 9.278 Thread 0x0000026c84777f10 Exception <a 'java/lang/reflect/InvocationTargetException'{0x0000000087c90e50}> (0x0000000087c90e50) 
thrown [s\src\hotspot\share\runtime\reflection.cpp, line 1127]
Event: 9.583 Thread 0x0000026c84777f10 Implicit null exception at 0x0000026cecb29ab1 to 0x0000026cecb2a490
Event: 10.026 Thread 0x0000026c84777f10 Exception <a 'java/lang/NoSuchMethodError'{0x0000000087abd158}: static Lcom/intellij/database/remote/jdba/core/ConnectionInfo;.<clinit>()V> (0x0000000087abd158) 
thrown [s\src\hotspot\share\prims\jni.cpp, line 1108]
Event: 10.027 Thread 0x0000026c84777f10 Exception <a 'java/lang/NoSuchMethodError'{0x0000000087ac7510}: static Ljava/lang/Object;.<clinit>()V> (0x0000000087ac7510) 
thrown [s\src\hotspot\share\prims\jni.cpp, line 1108]
Event: 10.028 Thread 0x0000026c84777f10 Exception <a 'java/lang/NoSuchMethodError'{0x0000000087acb060}: static [I.<clinit>()V> (0x0000000087acb060) 
thrown [s\src\hotspot\share\prims\jni.cpp, line 1108]
Event: 10.290 Thread 0x0000026c84777f10 Exception <a 'java/lang/NoSuchMethodError'{0x00000000879dba00}: static Lcom/intellij/database/remote/jdba/core/ResultLayout;.<clinit>()V> (0x00000000879dba00) 
thrown [s\src\hotspot\share\prims\jni.cpp, line 1108]
Event: 10.294 Thread 0x0000026c84777f10 Exception <a 'java/lang/NoSuchMethodError'{0x00000000879e85f0}: static Lcom/intellij/database/remote/jdba/core/RowLayout;.<clinit>()V> (0x00000000879e85f0) 
thrown [s\src\hotspot\share\prims\jni.cpp, line 1108]
Event: 10.296 Thread 0x0000026c84777f10 Exception <a 'java/lang/NoSuchMethodError'{0x00000000879f4e40}: static Lcom/intellij/database/remote/jdba/util/NameAndClass;.<clinit>()V> (0x00000000879f4e40) 
thrown [s\src\hotspot\share\prims\jni.cpp, line 1108]
Event: 12.260 Thread 0x0000026c84778930 Exception <a 'java/lang/reflect/InvocationTargetException'{0x0000000087554880}> (0x0000000087554880) 
thrown [s\src\hotspot\share\runtime\reflection.cpp, line 1127]
Event: 13.037 Thread 0x0000026c84777f10 Exception <a 'java/lang/NoSuchMethodError'{0x00000000874a7a48}: static [Ljava/lang/String;.<clinit>()V> (0x00000000874a7a48) 
thrown [s\src\hotspot\share\prims\jni.cpp, line 1108]
Event: 13.175 Thread 0x0000026c84778930 Exception <a 'java/lang/reflect/InvocationTargetException'{0x00000000873ae9d0}> (0x00000000873ae9d0) 
thrown [s\src\hotspot\share\runtime\reflection.cpp, line 1127]
Event: 17.180 Thread 0x0000026c84779860 Exception <a 'java/lang/NoSuchMethodError'{0x0000000086b46200}: static [J.<clinit>()V> (0x0000000086b46200) 
thrown [s\src\hotspot\share\prims\jni.cpp, line 1108]
Event: 324.008 Thread 0x0000026c84778e40 Implicit null exception at 0x0000026cecbe37f1 to 0x0000026cecbe5580

VM Operations (20 events):
Event: 77.170 Executing VM operation: Cleanup
Event: 77.170 Executing VM operation: Cleanup done
Event: 128.190 Executing VM operation: Cleanup
Event: 128.190 Executing VM operation: Cleanup done
Event: 155.204 Executing VM operation: Cleanup
Event: 155.204 Executing VM operation: Cleanup done
Event: 318.273 Executing VM operation: Cleanup
Event: 318.273 Executing VM operation: Cleanup done
Event: 320.274 Executing VM operation: Cleanup
Event: 320.274 Executing VM operation: Cleanup done
Event: 324.276 Executing VM operation: Cleanup
Event: 324.276 Executing VM operation: Cleanup done
Event: 326.277 Executing VM operation: Cleanup
Event: 326.277 Executing VM operation: Cleanup done
Event: 344.282 Executing VM operation: Cleanup
Event: 344.282 Executing VM operation: Cleanup done
Event: 353.286 Executing VM operation: Cleanup
Event: 353.286 Executing VM operation: Cleanup done
Event: 360.937 Executing VM operation: HandshakeAllThreads
Event: 360.937 Executing VM operation: HandshakeAllThreads done

Events (20 events):
Event: 25.901 Thread 0x0000026c8477b1b0 Thread added: 0x0000026c8477b1b0
Event: 25.901 Thread 0x0000026c843663c0 Thread added: 0x0000026c843663c0
Event: 25.901 Thread 0x0000026c84363120 Thread added: 0x0000026c84363120
Event: 25.918 Thread 0x0000026c8477aca0 Thread exited: 0x0000026c8477aca0
Event: 25.918 Thread 0x0000026c84779d70 Thread exited: 0x0000026c84779d70
Event: 25.919 Thread 0x0000026c84777a00 Thread exited: 0x0000026c84777a00
Event: 25.920 Thread 0x0000026c8477b1b0 Thread exited: 0x0000026c8477b1b0
Event: 25.921 Thread 0x0000026c843663c0 Thread exited: 0x0000026c843663c0
Event: 25.922 Thread 0x0000026c84363120 Thread exited: 0x0000026c84363120
Event: 28.648 Thread 0x0000026c84779d70 Thread added: 0x0000026c84779d70
Event: 28.761 Thread 0x0000026c84779d70 Thread exited: 0x0000026c84779d70
Event: 76.656 loading class java/util/IdentityHashMap$KeyIterator
Event: 76.656 loading class java/util/IdentityHashMap$IdentityHashMapIterator
Event: 76.657 loading class java/util/IdentityHashMap$IdentityHashMapIterator done
Event: 76.657 loading class java/util/IdentityHashMap$KeyIterator done
Event: 76.657 Thread 0x0000026c84603410 Thread exited: 0x0000026c84603410
Event: 91.683 Thread 0x0000026c84778930 Thread exited: 0x0000026c84778930
Event: 106.684 Thread 0x0000026c84779860 Thread exited: 0x0000026c84779860
Event: 127.876 Thread 0x0000026c8477b1b0 Thread added: 0x0000026c8477b1b0
Event: 211.691 Thread 0x0000026c8477b1b0 Thread exited: 0x0000026c8477b1b0


Dynamic libraries:
0x00007ff6fd0e0000 - 0x00007ff6fd0ea000 	C:\Program Files\JetBrains\IntelliJ IDEA 2023.2.3\jbr\bin\java.exe
0x00007ffe05a90000 - 0x00007ffe05c88000 	C:\Windows\SYSTEM32\ntdll.dll
0x00007ffe04bd0000 - 0x00007ffe04c92000 	C:\Windows\System32\KERNEL32.DLL
0x00007ffe034a0000 - 0x00007ffe03796000 	C:\Windows\System32\KERNELBASE.dll
0x00007ffe039b0000 - 0x00007ffe03ab0000 	C:\Windows\System32\ucrtbase.dll
0x00007ffdf7f20000 - 0x00007ffdf7f37000 	C:\Program Files\JetBrains\IntelliJ IDEA 2023.2.3\jbr\bin\jli.dll
0x00007ffe04e70000 - 0x00007ffe0500d000 	C:\Windows\System32\USER32.dll
0x00007ffdf9460000 - 0x00007ffdf947b000 	C:\Program Files\JetBrains\IntelliJ IDEA 2023.2.3\jbr\bin\VCRUNTIME140.dll
0x00007ffe038d0000 - 0x00007ffe038f2000 	C:\Windows\System32\win32u.dll
0x00007ffde4f10000 - 0x00007ffde51aa000 	C:\Windows\WinSxS\amd64_microsoft.windows.common-controls_6595b64144ccf1df_6.0.19041.4355_none_60b8b9eb71f62e16\COMCTL32.dll
0x00007ffe04cf0000 - 0x00007ffe04d1b000 	C:\Windows\System32\GDI32.dll
0x00007ffe04dd0000 - 0x00007ffe04e6e000 	C:\Windows\System32\msvcrt.dll
0x00007ffe03170000 - 0x00007ffe0328a000 	C:\Windows\System32\gdi32full.dll
0x00007ffe03830000 - 0x00007ffe038cd000 	C:\Windows\System32\msvcp_win.dll
0x00007ffe04ca0000 - 0x00007ffe04ccf000 	C:\Windows\System32\IMM32.DLL
0x00007ffdfb1d0000 - 0x00007ffdfb1dc000 	C:\Program Files\JetBrains\IntelliJ IDEA 2023.2.3\jbr\bin\vcruntime140_1.dll
0x00007ffdc97c0000 - 0x00007ffdc984d000 	C:\Program Files\JetBrains\IntelliJ IDEA 2023.2.3\jbr\bin\msvcp140.dll
0x00007ffda4d10000 - 0x00007ffda5993000 	C:\Program Files\JetBrains\IntelliJ IDEA 2023.2.3\jbr\bin\server\jvm.dll
0x00007ffe04d20000 - 0x00007ffe04dcf000 	C:\Windows\System32\ADVAPI32.dll
0x00007ffe046b0000 - 0x00007ffe0474f000 	C:\Windows\System32\sechost.dll
0x00007ffe04440000 - 0x00007ffe04563000 	C:\Windows\System32\RPCRT4.dll
0x00007ffe03980000 - 0x00007ffe039a7000 	C:\Windows\System32\bcrypt.dll
0x00007ffe02aa0000 - 0x00007ffe02aeb000 	C:\Windows\SYSTEM32\POWRPROF.dll
0x00007ffdde760000 - 0x00007ffdde769000 	C:\Windows\SYSTEM32\WSOCK32.dll
0x00007ffe04ad0000 - 0x00007ffe04b3b000 	C:\Windows\System32\WS2_32.dll
0x00007ffdf34b0000 - 0x00007ffdf34d7000 	C:\Windows\SYSTEM32\WINMM.dll
0x00007ffdf9360000 - 0x00007ffdf936a000 	C:\Windows\SYSTEM32\VERSION.dll
0x00007ffe02a60000 - 0x00007ffe02a72000 	C:\Windows\SYSTEM32\UMPDC.dll
0x00007ffe01900000 - 0x00007ffe01912000 	C:\Windows\SYSTEM32\kernel.appcore.dll
0x00007ffdfa670000 - 0x00007ffdfa67a000 	C:\Program Files\JetBrains\IntelliJ IDEA 2023.2.3\jbr\bin\jimage.dll
0x00007ffdfd030000 - 0x00007ffdfd214000 	C:\Windows\SYSTEM32\DBGHELP.DLL
0x00007ffdf5c50000 - 0x00007ffdf5c84000 	C:\Windows\SYSTEM32\dbgcore.DLL
0x00007ffe037a0000 - 0x00007ffe03822000 	C:\Windows\System32\bcryptPrimitives.dll
0x00007ffdf90b0000 - 0x00007ffdf90d5000 	C:\Program Files\JetBrains\IntelliJ IDEA 2023.2.3\jbr\bin\java.dll
0x00007ffdf9480000 - 0x00007ffdf9498000 	C:\Program Files\JetBrains\IntelliJ IDEA 2023.2.3\jbr\bin\zip.dll
0x00007ffe05070000 - 0x00007ffe057df000 	C:\Windows\System32\SHELL32.dll
0x00007ffe01110000 - 0x00007ffe018b3000 	C:\Windows\SYSTEM32\windows.storage.dll
0x00007ffe03ab0000 - 0x00007ffe03e05000 	C:\Windows\System32\combase.dll
0x00007ffe02a00000 - 0x00007ffe02a2b000 	C:\Windows\SYSTEM32\Wldp.dll
0x00007ffe05840000 - 0x00007ffe0590d000 	C:\Windows\System32\OLEAUT32.dll
0x00007ffe059a0000 - 0x00007ffe05a4d000 	C:\Windows\System32\SHCORE.dll
0x00007ffe04570000 - 0x00007ffe045c5000 	C:\Windows\System32\shlwapi.dll
0x00007ffe03050000 - 0x00007ffe03075000 	C:\Windows\SYSTEM32\profapi.dll
0x00007ffdf8a30000 - 0x00007ffdf8a49000 	C:\Program Files\JetBrains\IntelliJ IDEA 2023.2.3\jbr\bin\net.dll
0x00007ffdf6c70000 - 0x00007ffdf6d7a000 	C:\Windows\SYSTEM32\WINHTTP.dll
0x00007ffe02780000 - 0x00007ffe027ec000 	C:\Windows\system32\mswsock.dll
0x00007ffdf8a10000 - 0x00007ffdf8a26000 	C:\Program Files\JetBrains\IntelliJ IDEA 2023.2.3\jbr\bin\nio.dll
0x00007ffe02480000 - 0x00007ffe024bb000 	C:\Windows\SYSTEM32\IPHLPAPI.DLL
0x00007ffe04cd0000 - 0x00007ffe04cd8000 	C:\Windows\System32\NSI.dll
0x00007ffdf7760000 - 0x00007ffdf7777000 	C:\Windows\SYSTEM32\dhcpcsvc6.DLL
0x00007ffdf8570000 - 0x00007ffdf858d000 	C:\Windows\SYSTEM32\dhcpcsvc.DLL
0x00007ffe024c0000 - 0x00007ffe0258a000 	C:\Windows\SYSTEM32\DNSAPI.dll
0x00007ffe02a40000 - 0x00007ffe02a58000 	C:\Windows\SYSTEM32\CRYPTSP.dll
0x00007ffe020c0000 - 0x00007ffe020f8000 	C:\Windows\system32\rsaenh.dll
0x00007ffe02fd0000 - 0x00007ffe02ffe000 	C:\Windows\SYSTEM32\USERENV.dll
0x00007ffe02910000 - 0x00007ffe0291c000 	C:\Windows\SYSTEM32\CRYPTBASE.dll
0x00007ffdd6510000 - 0x00007ffdd6517000 	C:\Program Files\JetBrains\IntelliJ IDEA 2023.2.3\jbr\bin\rmi.dll
0x00007ffdf8620000 - 0x00007ffdf862a000 	C:\Windows\System32\rasadhlp.dll
0x00007ffdf32b0000 - 0x00007ffdf3330000 	C:\Windows\System32\fwpuclnt.dll
0x00007ffdf8a00000 - 0x00007ffdf8a09000 	C:\Program Files\JetBrains\IntelliJ IDEA 2023.2.3\jbr\bin\management.dll
0x00007ffdf80c0000 - 0x00007ffdf80cb000 	C:\Program Files\JetBrains\IntelliJ IDEA 2023.2.3\jbr\bin\management_ext.dll
0x00007ffe04ce0000 - 0x00007ffe04ce8000 	C:\Windows\System32\PSAPI.DLL
0x00007ffdfa630000 - 0x00007ffdfa63e000 	C:\Program Files\JetBrains\IntelliJ IDEA 2023.2.3\jbr\bin\sunmscapi.dll
0x00007ffe03340000 - 0x00007ffe0349d000 	C:\Windows\System32\CRYPT32.dll
0x00007ffe02bc0000 - 0x00007ffe02be7000 	C:\Windows\SYSTEM32\ncrypt.dll
0x00007ffe02b80000 - 0x00007ffe02bbb000 	C:\Windows\SYSTEM32\NTASN1.dll

dbghelp: loaded successfully - version: 4.0.5 - missing functions: none
symbol engine: initialized successfully - sym options: 0x614 - pdb path: .;C:\Program Files\JetBrains\IntelliJ IDEA 2023.2.3\jbr\bin;C:\Windows\SYSTEM32;C:\Windows\WinSxS\amd64_microsoft.windows.common-controls_6595b64144ccf1df_6.0.19041.4355_none_60b8b9eb71f62e16;C:\Program Files\JetBrains\IntelliJ IDEA 2023.2.3\jbr\bin\server

VM Arguments:
jvm_args: -Djava.rmi.server.hostname=127.0.0.1 -Duser.timezone=UTC -Xmx2048m -Xms128m -Djna.boot.library.path=C:\Program Files\JetBrains\IntelliJ IDEA 2023.2.3/lib/jna/amd64 -Djna.nosys=true -Djna.noclasspath=true -Djdbc.classpath=C:\Program Files\JetBrains\IntelliJ IDEA 2023.2.3\plugins\DatabaseTools\lib\jdbc-console.jar;C:\Users\Elence\AppData\Roaming\JetBrains\IntelliJIdea2023.2\jdbc-drivers\PostgreSQL\42.7.3\org\postgresql\postgresql\42.7.3\postgresql-42.7.3.jar;C:\Users\Elence\AppData\Roaming\JetBrains\IntelliJIdea2023.2\jdbc-drivers\PostgreSQL\42.7.3\org\checkerframework\checker-qual\3.42.0\checker-qual-3.42.0.jar;C:\Users\Elence\AppData\Roaming\JetBrains\IntelliJIdea2023.2\jdbc-drivers\PostgreSQL\42.7.3\com\github\waffle\waffle-jna\1.9.1\waffle-jna-1.9.1.jar;C:\Users\Elence\AppData\Roaming\JetBrains\IntelliJIdea2023.2\jdbc-drivers\PostgreSQL\42.7.3\net\java\dev\jna\jna\4.5.1\jna-4.5.1.jar;C:\Users\Elence\AppData\Roaming\JetBrains\IntelliJIdea2023.2\jdbc-drivers\PostgreSQL\42.7.3\net\java\dev\jna\jna-platform\4.5.1\jna-platform-4.5.1.jar;C:\Users\Elence\AppData\Roaming\JetBrains\IntelliJIdea2023.2\jdbc-drivers\PostgreSQL\42.7.3\org\slf4j\jcl-over-slf4j\1.7.25\jcl-over-slf4j-1.7.25.jar;C:\Users\Elence\AppData\Roaming\JetBrains\IntelliJIdea2023.2\jdbc-drivers\PostgreSQL\42.7.3\org\slf4j\slf4j-api\1.7.25\slf4j-api-1.7.25.jar;C:\Users\Elence\AppData\Roaming\JetBrains\IntelliJIdea2023.2\jdbc-drivers\PostgreSQL\42.7.3\com\github\ben-manes\caffeine\caffeine\2.6.2\caffeine-2.6.2.jar --add-exports=java.desktop/sun.awt=ALL-UNNAMED --add-exports=java.desktop/java.awt.peer=ALL-UNNAMED --add-opens=java.desktop/java.awt=ALL-UNNAMED --add-opens=jdk.unsupported/sun.misc=ALL-UNNAMED --add-opens=java.base/java.nio=ALL-UNNAMED --add-opens=java.base/java.util=ALL-UNNAMED -Dfile.encoding=UTF-8 
java_command: com.intellij.database.remote.RemoteJdbcServer org.postgresql.Driver
java_class_path (initial): C:\Program Files\JetBrains\IntelliJ IDEA 2023.2.3\lib\util_rt.jar;C:\Program Files\JetBrains\IntelliJ IDEA 2023.2.3\lib\util-8.jar;C:\Program Files\JetBrains\IntelliJ IDEA 2023.2.3\lib\groovy.jar;C:\Program Files\JetBrains\IntelliJ IDEA 2023.2.3\plugins\DatabaseTools\lib\jdbc-console.jar;C:\Program Files\JetBrains\IntelliJ IDEA 2023.2.3\plugins\grid-core-impl\lib\jdbc-console-types.jar;C:\Program Files\JetBrains\IntelliJ IDEA 2023.2.3\lib\util.jar;C:\Program Files\JetBrains\IntelliJ IDEA 2023.2.3\lib\bouncy-castle.jar
Launcher Type: SUN_STANDARD

[Global flags]
     intx CICompilerCount                          = 4                                         {product} {ergonomic}
     uint ConcGCThreads                            = 2                                         {product} {ergonomic}
     uint G1ConcRefinementThreads                  = 8                                         {product} {ergonomic}
   size_t G1HeapRegionSize                         = 1048576                                   {product} {ergonomic}
    uintx GCDrainStackTargetSize                   = 64                                        {product} {ergonomic}
   size_t InitialHeapSize                          = 134217728                                 {product} {command line}
   size_t MarkStackSize                            = 4194304                                   {product} {ergonomic}
   size_t MaxHeapSize                              = 2147483648                                {product} {command line}
   size_t MaxNewSize                               = 1287651328                                {product} {ergonomic}
   size_t MinHeapDeltaBytes                        = 1048576                                   {product} {ergonomic}
   size_t MinHeapSize                              = 134217728                                 {product} {command line}
    uintx NonNMethodCodeHeapSize                   = 5839372                                {pd product} {ergonomic}
    uintx NonProfiledCodeHeapSize                  = 122909434                              {pd product} {ergonomic}
    uintx ProfiledCodeHeapSize                     = 122909434                              {pd product} {ergonomic}
    uintx ReservedCodeCacheSize                    = 251658240                              {pd product} {ergonomic}
     bool SegmentedCodeCache                       = true                                      {product} {ergonomic}
   size_t SoftMaxHeapSize                          = 2147483648                             {manageable} {ergonomic}
     bool UseCompressedClassPointers               = true                           {product lp64_product} {ergonomic}
     bool UseCompressedOops                        = true                           {product lp64_product} {ergonomic}
     bool UseG1GC                                  = true                                      {product} {ergonomic}
     bool UseLargePagesIndividualAllocation        = false                                  {pd product} {ergonomic}

Logging:
Log output configuration:
 #0: stdout all=warning uptime,level,tags
 #1: stderr all=off uptime,level,tags

Environment Variables:
JAVA_HOME=C:\Users\Elence\Documents\openjdk-23.0.1_windows-x64_bin\jdk-23.0.1
PATH=C:\Program Files (x86)\Common Files\Oracle\Java\javapath;C:\Windows\system32;C:\Windows;C:\Windows\System32\Wbem;C:\Windows\System32\WindowsPowerShell\v1.0\;C:\Windows\System32\OpenSSH\;C:\Program Files\PuTTY\;C:\Program Files\Microsoft SQL Server\150\Tools\Binn\;C:\Program Files\Microsoft SQL Server\Client SDK\ODBC\170\Tools\Binn\;C:\Program Files\dotnet\;C:\Program Files (x86)\Windows Kits\10\Windows Performance Toolkit\;C:\Program Files\Git\cmd;C:\Program Files\Docker\Docker\resources\bin;C:\Users\Elence\Desktop\gradle-8.7\bin;C:\Program Files (x86)\SlikSvn\bin;C:\Program Files (x86)\SlikSvn\bin;C:\Program Files (x86)\Microsoft SQL Server\160\Tools\Binn\;C:\Program Files\Microsoft SQL Server\160\Tools\Binn\;C:\Program Files\Microsoft SQL Server\160\DTS\Binn\;C:\Program Files (x86)\Microsoft SQL Server\160\DTS\Binn\;C:\Users\Elence\Desktop\apache-maven-3.9.9-bin\bin;C:\Users\Elence\Documents\apache-maven-3.9.9-bin\apache-maven-3.9.9\bin;C:\Users\Elence\Documents\openjdk-23.0.1_windows-x64_bin\jdk-23.0.1\bin;C:\Program Files\Docker\Docker\resources\bin;C:\Users\Elence\AppData\Local\Programs\Python\Python313\Scripts\;C:\Users\Elence\AppData\Local\Programs\Python\Python313\;C:\Users\Elence\AppData\Local\Microsoft\WindowsApps;C:\Users\Elence\AppData\Local\GitHubDesktop\bin;C:\Users\Elence\.dotnet\tools;C:\Program Files (x86)\SlikSvn\bin;C:\Users\Elence\AppData\Local\Programs\Azure Data Studio\bin;C:\Program Files\PostgreSQL\17\bin;
USERNAME=elena
OS=Windows_NT
PROCESSOR_IDENTIFIER=Intel64 Family 6 Model 126 Stepping 5, GenuineIntel
TMP=C:\Users\Elence\AppData\Local\Temp
TEMP=C:\Users\Elence\AppData\Local\Temp


JNI global refs:
JNI global refs: 17, weak refs: 0

JNI global refs memory usage: 843, weak refs: 209

OOME stack traces (most recent first):
Classloader memory used:
Loader bootstrap                                                                       : 2006K
Loader jdk.internal.loader.ClassLoaders$AppClassLoader                                 : 260K
Loader com.intellij.database.remote.jdbc.impl.JdbcClassLoader$JdbcClassLoaderImpl      : 234K
Loader jdk.internal.loader.ClassLoaders$PlatformClassLoader                            : 44057B
Loader jdk.internal.reflect.DelegatingClassLoader                                      : 33278B


---------------  S Y S T E M  ---------------

OS:
 Windows 10 , 64 bit Build 19041 (10.0.19041.5678)
OS uptime: 10 days 0:59 hours
Hyper-V role detected

CPU: total 8 (initial active 8) (4 cores per cpu, 2 threads per core) family 6 model 126 stepping 5 microcode 0xa6, cx8, cmov, fxsr, ht, mmx, 3dnowpref, sse, sse2, sse3, ssse3, sse4.1, sse4.2, popcnt, lzcnt, tsc, tscinvbit, avx, avx2, aes, erms, clmul, bmi1, bmi2, adx, avx512f, avx512dq, avx512cd, avx512bw, avx512vl, sha, fma, vzeroupper, avx512_vpopcntdq, avx512_vpclmulqdq, avx512_vaes, avx512_vnni, clflush, clflushopt, avx512_vbmi2, avx512_vbmi, hv
Processor Information for all 8 processors :
  Max Mhz: 1190, Current Mhz: 991, Mhz Limit: 987

Memory: 4k page, system-wide physical 12069M (387M free)
TotalPageFile size 29543M (AvailPageFile size 1M)
current process WorkingSet (physical memory assigned to process): 50M, peak: 131M
current process commit charge ("private bytes"): 232M, peak: 259M

vm_info: OpenJDK 64-Bit Server VM (17.0.8.1+7-b1000.32) for windows-amd64 JRE (17.0.8.1+7-b1000.32), built on 2023-09-15 by "builduser" with MS VC++ 16.10 / 16.11 (VS2019)

END.
