#
# There is insufficient memory for the Java Runtime Environment to continue.
# Native memory allocation (mmap) failed to map 134217728 bytes for G1 virtual space
# Possible reasons:
#   The system is out of physical RAM or swap space
#   The process is running with CompressedOops enabled, and the Java Heap may be blocking the growth of the native heap
# Possible solutions:
#   Reduce memory load on the system
#   Increase physical memory or swap space
#   Check if swap backing store is full
#   Decrease Java heap size (-Xmx/-Xms)
#   Decrease number of Java threads
#   Decrease Java thread stack sizes (-Xss)
#   Set larger code cache with -XX:ReservedCodeCacheSize=
#   JVM is running with Unscaled Compressed Oops mode in which the Java heap is
#     placed in the first 4GB address space. The Java Heap base address is the
#     maximum limit for the native heap growth. Please use -XX:HeapBaseMinAddress
#     to set the Java Heap base and to place the Java Heap above 4GB virtual address.
# This output file may be truncated or incomplete.
#
#  Out of Memory Error (os_windows.cpp:3829), pid=29660, tid=35640
#
# JRE version:  (17.0.8.1+7) (build )
# Java VM: OpenJDK 64-Bit Server VM (17.0.8.1+7-b1000.32, mixed mode, sharing, tiered, compressed oops, compressed class ptrs, g1 gc, windows-amd64)
# No core dump will be written. Minidumps are not enabled by default on client versions of Windows
#

---------------  S U M M A R Y ------------

Command Line: -Djava.rmi.server.hostname=127.0.0.1 -Duser.timezone=UTC -Xmx2048m -Xms128m -Djna.boot.library.path=C:\Program Files\JetBrains\IntelliJ IDEA 2023.2.3/lib/jna/amd64 -Djna.nosys=true -Djna.noclasspath=true -Djdbc.classpath=C:\Program Files\JetBrains\IntelliJ IDEA 2023.2.3\plugins\DatabaseTools\lib\jdbc-console.jar;C:\Users\Elence\AppData\Roaming\JetBrains\IntelliJIdea2023.2\jdbc-drivers\PostgreSQL\42.7.3\org\postgresql\postgresql\42.7.3\postgresql-42.7.3.jar;C:\Users\Elence\AppData\Roaming\JetBrains\IntelliJIdea2023.2\jdbc-drivers\PostgreSQL\42.7.3\org\checkerframework\checker-qual\3.42.0\checker-qual-3.42.0.jar;C:\Users\Elence\AppData\Roaming\JetBrains\IntelliJIdea2023.2\jdbc-drivers\PostgreSQL\42.7.3\com\github\waffle\waffle-jna\1.9.1\waffle-jna-1.9.1.jar;C:\Users\Elence\AppData\Roaming\JetBrains\IntelliJIdea2023.2\jdbc-drivers\PostgreSQL\42.7.3\net\java\dev\jna\jna\4.5.1\jna-4.5.1.jar;C:\Users\Elence\AppData\Roaming\JetBrains\IntelliJIdea2023.2\jdbc-drivers\PostgreSQL\42.7.3\net\java\dev\jna\jna-platform\4.5.1\jna-platform-4.5.1.jar;C:\Users\Elence\AppData\Roaming\JetBrains\IntelliJIdea2023.2\jdbc-drivers\PostgreSQL\42.7.3\org\slf4j\jcl-over-slf4j\1.7.25\jcl-over-slf4j-1.7.25.jar;C:\Users\Elence\AppData\Roaming\JetBrains\IntelliJIdea2023.2\jdbc-drivers\PostgreSQL\42.7.3\org\slf4j\slf4j-api\1.7.25\slf4j-api-1.7.25.jar;C:\Users\Elence\AppData\Roaming\JetBrains\IntelliJIdea2023.2\jdbc-drivers\PostgreSQL\42.7.3\com\github\ben-manes\caffeine\caffeine\2.6.2\caffeine-2.6.2.jar --add-exports=java.desktop/sun.awt=ALL-UNNAMED --add-exports=java.desktop/java.awt.peer=ALL-UNNAMED --add-opens=java.desktop/java.awt=ALL-UNNAMED --add-opens=jdk.unsupported/sun.misc=ALL-UNNAMED --add-opens=java.base/java.nio=ALL-UNNAMED --add-opens=java.base/java.util=ALL-UNNAMED -Dfile.encoding=UTF-8 com.intellij.database.remote.RemoteJdbcServer org.postgresql.Driver

Host: Intel(R) Core(TM) i5-1035G1 CPU @ 1.00GHz, 8 cores, 11G,  Windows 10 , 64 bit Build 19041 (10.0.19041.5678)
Time: Tue May  6 14:29:22 2025 Central European Daylight Time elapsed time: 0.023856 seconds (0d 0h 0m 0s)

---------------  T H R E A D  ---------------

Current thread (0x000001f1a9295a00):  JavaThread "Unknown thread" [_thread_in_vm, id=35640, stack(0x0000002f32800000,0x0000002f32900000)]

Stack: [0x0000002f32800000,0x0000002f32900000]
Native frames: (J=compiled Java code, j=interpreted, Vv=VM code, C=native code)
V  [jvm.dll+0x6852da]
V  [jvm.dll+0x844c84]
V  [jvm.dll+0x84659e]
V  [jvm.dll+0x846c03]
V  [jvm.dll+0x24b7cf]
V  [jvm.dll+0x682049]
V  [jvm.dll+0x67671a]
V  [jvm.dll+0x30be2b]
V  [jvm.dll+0x3132d6]
V  [jvm.dll+0x36302e]
V  [jvm.dll+0x36325f]
V  [jvm.dll+0x2e1f48]
V  [jvm.dll+0x2e2eb4]
V  [jvm.dll+0x815c11]
V  [jvm.dll+0x370df1]
V  [jvm.dll+0x7f4fdc]
V  [jvm.dll+0x3f3f1f]
V  [jvm.dll+0x3f5b31]
C  [jli.dll+0x528f]
C  [ucrtbase.dll+0x21bb2]
C  [KERNEL32.DLL+0x17374]
C  [ntdll.dll+0x4cc91]


---------------  P R O C E S S  ---------------

Threads class SMR info:
_java_thread_list=0x00007ffda58500d8, length=0, elements={
}

Java Threads: ( => current thread )

Other Threads:
  0x000001f1a92f21a0 GCTaskThread "GC Thread#0" [stack: 0x0000002f32900000,0x0000002f32a00000] [id=24188]
  0x000001f1a9303000 ConcurrentGCThread "G1 Main Marker" [stack: 0x0000002f32a00000,0x0000002f32b00000] [id=37828]
  0x000001f1a9303920 ConcurrentGCThread "G1 Conc#0" [stack: 0x0000002f32b00000,0x0000002f32c00000] [id=34488]

[error occurred during error reporting (printing all threads), id 0xc0000005, EXCEPTION_ACCESS_VIOLATION (0xc0000005) at pc=0x00007ffda5002ab7]

VM state: not at safepoint (not fully initialized)

VM Mutex/Monitor currently owned by a thread:  ([mutex/lock_event])
[0x000001f1a709cca0] Heap_lock - owner thread: 0x000001f1a9295a00

Heap address: 0x0000000080000000, size: 2048 MB, Compressed Oops mode: 32-bit

CDS archive(s) mapped at: [0x0000000000000000-0x0000000000000000-0x0000000000000000), size 0, SharedBaseAddress: 0x0000000800000000, ArchiveRelocationMode: 1.
Narrow klass base: 0x0000000000000000, Narrow klass shift: 0, Narrow klass range: 0x0

GC Precious Log:
<Empty>

Heap:
 garbage-first heap   total 0K, used 0K [0x0000000080000000, 0x0000000100000000)
  region size 1024K, 0 young (0K), 0 survivors (0K)
 Metaspace       used 0K, committed 0K, reserved 0K
  class space    used 0K, committed 0K, reserved 0K

Heap Regions: E=young(eden), S=young(survivor), O=old, HS=humongous(starts), HC=humongous(continues), CS=collection set, F=free, OA=open archive, CA=closed archive, TAMS=top-at-mark-start (previous, next)

Card table byte_map: [0x000001f1bc130000,0x000001f1bc530000] _byte_map_base: 0x000001f1bbd30000

Marking Bits (Prev, Next): (CMBitMap*) 0x000001f1a92f26d0, (CMBitMap*) 0x000001f1a92f2710
 Prev Bits: [0x000001f1bc930000, 0x000001f1be930000)
 Next Bits: [0x000001f1be930000, 0x000001f1c0930000)

GC Heap History (0 events):
No events

Dll operation events (1 events):
Event: 0.014 Loaded shared library C:\Program Files\JetBrains\IntelliJ IDEA 2023.2.3\jbr\bin\java.dll

Deoptimization events (0 events):
No events

Classes unloaded (0 events):
No events

Classes redefined (0 events):
No events

Internal exceptions (0 events):
No events

VM Operations (0 events):
No events

Events (0 events):
No events


Dynamic libraries:
0x00007ff6fd0e0000 - 0x00007ff6fd0ea000 	C:\Program Files\JetBrains\IntelliJ IDEA 2023.2.3\jbr\bin\java.exe
0x00007ffe05a90000 - 0x00007ffe05c88000 	C:\Windows\SYSTEM32\ntdll.dll
0x00007ffe04bd0000 - 0x00007ffe04c92000 	C:\Windows\System32\KERNEL32.DLL
0x00007ffe034a0000 - 0x00007ffe03796000 	C:\Windows\System32\KERNELBASE.dll
0x00007ffe039b0000 - 0x00007ffe03ab0000 	C:\Windows\System32\ucrtbase.dll
0x00007ffdf7f20000 - 0x00007ffdf7f37000 	C:\Program Files\JetBrains\IntelliJ IDEA 2023.2.3\jbr\bin\jli.dll
0x00007ffe04e70000 - 0x00007ffe0500d000 	C:\Windows\System32\USER32.dll
0x00007ffe038d0000 - 0x00007ffe038f2000 	C:\Windows\System32\win32u.dll
0x00007ffe04cf0000 - 0x00007ffe04d1b000 	C:\Windows\System32\GDI32.dll
0x00007ffe03170000 - 0x00007ffe0328a000 	C:\Windows\System32\gdi32full.dll
0x00007ffe03830000 - 0x00007ffe038cd000 	C:\Windows\System32\msvcp_win.dll
0x00007ffdf9460000 - 0x00007ffdf947b000 	C:\Program Files\JetBrains\IntelliJ IDEA 2023.2.3\jbr\bin\VCRUNTIME140.dll
0x00007ffde4f10000 - 0x00007ffde51aa000 	C:\Windows\WinSxS\amd64_microsoft.windows.common-controls_6595b64144ccf1df_6.0.19041.4355_none_60b8b9eb71f62e16\COMCTL32.dll
0x00007ffe04dd0000 - 0x00007ffe04e6e000 	C:\Windows\System32\msvcrt.dll
0x00007ffe04ca0000 - 0x00007ffe04ccf000 	C:\Windows\System32\IMM32.DLL
0x00007ffdfb1d0000 - 0x00007ffdfb1dc000 	C:\Program Files\JetBrains\IntelliJ IDEA 2023.2.3\jbr\bin\vcruntime140_1.dll
0x00007ffdc97c0000 - 0x00007ffdc984d000 	C:\Program Files\JetBrains\IntelliJ IDEA 2023.2.3\jbr\bin\msvcp140.dll
0x00007ffda4d10000 - 0x00007ffda5993000 	C:\Program Files\JetBrains\IntelliJ IDEA 2023.2.3\jbr\bin\server\jvm.dll
0x00007ffe04d20000 - 0x00007ffe04dcf000 	C:\Windows\System32\ADVAPI32.dll
0x00007ffe046b0000 - 0x00007ffe0474f000 	C:\Windows\System32\sechost.dll
0x00007ffe04440000 - 0x00007ffe04563000 	C:\Windows\System32\RPCRT4.dll
0x00007ffe03980000 - 0x00007ffe039a7000 	C:\Windows\System32\bcrypt.dll
0x00007ffe02aa0000 - 0x00007ffe02aeb000 	C:\Windows\SYSTEM32\POWRPROF.dll
0x00007ffdde760000 - 0x00007ffdde769000 	C:\Windows\SYSTEM32\WSOCK32.dll
0x00007ffe04ad0000 - 0x00007ffe04b3b000 	C:\Windows\System32\WS2_32.dll
0x00007ffdf34b0000 - 0x00007ffdf34d7000 	C:\Windows\SYSTEM32\WINMM.dll
0x00007ffdf9360000 - 0x00007ffdf936a000 	C:\Windows\SYSTEM32\VERSION.dll
0x00007ffe02a60000 - 0x00007ffe02a72000 	C:\Windows\SYSTEM32\UMPDC.dll
0x00007ffe01900000 - 0x00007ffe01912000 	C:\Windows\SYSTEM32\kernel.appcore.dll
0x00007ffdfa670000 - 0x00007ffdfa67a000 	C:\Program Files\JetBrains\IntelliJ IDEA 2023.2.3\jbr\bin\jimage.dll
0x00007ffdfd030000 - 0x00007ffdfd214000 	C:\Windows\SYSTEM32\DBGHELP.DLL
0x00007ffdf5c50000 - 0x00007ffdf5c84000 	C:\Windows\SYSTEM32\dbgcore.DLL
0x00007ffe037a0000 - 0x00007ffe03822000 	C:\Windows\System32\bcryptPrimitives.dll
0x00007ffdf90b0000 - 0x00007ffdf90d5000 	C:\Program Files\JetBrains\IntelliJ IDEA 2023.2.3\jbr\bin\java.dll

dbghelp: loaded successfully - version: 4.0.5 - missing functions: none
symbol engine: initialized successfully - sym options: 0x614 - pdb path: .;C:\Program Files\JetBrains\IntelliJ IDEA 2023.2.3\jbr\bin;C:\Windows\SYSTEM32;C:\Windows\WinSxS\amd64_microsoft.windows.common-controls_6595b64144ccf1df_6.0.19041.4355_none_60b8b9eb71f62e16;C:\Program Files\JetBrains\IntelliJ IDEA 2023.2.3\jbr\bin\server

VM Arguments:
jvm_args: -Djava.rmi.server.hostname=127.0.0.1 -Duser.timezone=UTC -Xmx2048m -Xms128m -Djna.boot.library.path=C:\Program Files\JetBrains\IntelliJ IDEA 2023.2.3/lib/jna/amd64 -Djna.nosys=true -Djna.noclasspath=true -Djdbc.classpath=C:\Program Files\JetBrains\IntelliJ IDEA 2023.2.3\plugins\DatabaseTools\lib\jdbc-console.jar;C:\Users\Elence\AppData\Roaming\JetBrains\IntelliJIdea2023.2\jdbc-drivers\PostgreSQL\42.7.3\org\postgresql\postgresql\42.7.3\postgresql-42.7.3.jar;C:\Users\Elence\AppData\Roaming\JetBrains\IntelliJIdea2023.2\jdbc-drivers\PostgreSQL\42.7.3\org\checkerframework\checker-qual\3.42.0\checker-qual-3.42.0.jar;C:\Users\Elence\AppData\Roaming\JetBrains\IntelliJIdea2023.2\jdbc-drivers\PostgreSQL\42.7.3\com\github\waffle\waffle-jna\1.9.1\waffle-jna-1.9.1.jar;C:\Users\Elence\AppData\Roaming\JetBrains\IntelliJIdea2023.2\jdbc-drivers\PostgreSQL\42.7.3\net\java\dev\jna\jna\4.5.1\jna-4.5.1.jar;C:\Users\Elence\AppData\Roaming\JetBrains\IntelliJIdea2023.2\jdbc-drivers\PostgreSQL\42.7.3\net\java\dev\jna\jna-platform\4.5.1\jna-platform-4.5.1.jar;C:\Users\Elence\AppData\Roaming\JetBrains\IntelliJIdea2023.2\jdbc-drivers\PostgreSQL\42.7.3\org\slf4j\jcl-over-slf4j\1.7.25\jcl-over-slf4j-1.7.25.jar;C:\Users\Elence\AppData\Roaming\JetBrains\IntelliJIdea2023.2\jdbc-drivers\PostgreSQL\42.7.3\org\slf4j\slf4j-api\1.7.25\slf4j-api-1.7.25.jar;C:\Users\Elence\AppData\Roaming\JetBrains\IntelliJIdea2023.2\jdbc-drivers\PostgreSQL\42.7.3\com\github\ben-manes\caffeine\caffeine\2.6.2\caffeine-2.6.2.jar --add-exports=java.desktop/sun.awt=ALL-UNNAMED --add-exports=java.desktop/java.awt.peer=ALL-UNNAMED --add-opens=java.desktop/java.awt=ALL-UNNAMED --add-opens=jdk.unsupported/sun.misc=ALL-UNNAMED --add-opens=java.base/java.nio=ALL-UNNAMED --add-opens=java.base/java.util=ALL-UNNAMED -Dfile.encoding=UTF-8 
java_command: com.intellij.database.remote.RemoteJdbcServer org.postgresql.Driver
java_class_path (initial): C:\Program Files\JetBrains\IntelliJ IDEA 2023.2.3\lib\util_rt.jar;C:\Program Files\JetBrains\IntelliJ IDEA 2023.2.3\lib\util-8.jar;C:\Program Files\JetBrains\IntelliJ IDEA 2023.2.3\lib\groovy.jar;C:\Program Files\JetBrains\IntelliJ IDEA 2023.2.3\plugins\DatabaseTools\lib\jdbc-console.jar;C:\Program Files\JetBrains\IntelliJ IDEA 2023.2.3\plugins\grid-core-impl\lib\jdbc-console-types.jar;C:\Program Files\JetBrains\IntelliJ IDEA 2023.2.3\lib\util.jar;C:\Program Files\JetBrains\IntelliJ IDEA 2023.2.3\lib\bouncy-castle.jar
Launcher Type: SUN_STANDARD

[Global flags]
     intx CICompilerCount                          = 4                                         {product} {ergonomic}
     uint ConcGCThreads                            = 2                                         {product} {ergonomic}
     uint G1ConcRefinementThreads                  = 8                                         {product} {ergonomic}
   size_t G1HeapRegionSize                         = 1048576                                   {product} {ergonomic}
    uintx GCDrainStackTargetSize                   = 64                                        {product} {ergonomic}
   size_t InitialHeapSize                          = 134217728                                 {product} {command line}
   size_t MarkStackSize                            = 4194304                                   {product} {ergonomic}
   size_t MaxHeapSize                              = 2147483648                                {product} {command line}
   size_t MinHeapDeltaBytes                        = 1048576                                   {product} {ergonomic}
   size_t MinHeapSize                              = 134217728                                 {product} {command line}
    uintx NonNMethodCodeHeapSize                   = 5839372                                {pd product} {ergonomic}
    uintx NonProfiledCodeHeapSize                  = 122909434                              {pd product} {ergonomic}
    uintx ProfiledCodeHeapSize                     = 122909434                              {pd product} {ergonomic}
    uintx ReservedCodeCacheSize                    = 251658240                              {pd product} {ergonomic}
     bool SegmentedCodeCache                       = true                                      {product} {ergonomic}
   size_t SoftMaxHeapSize                          = 2147483648                             {manageable} {ergonomic}
     bool UseCompressedClassPointers               = true                           {product lp64_product} {ergonomic}
     bool UseCompressedOops                        = true                           {product lp64_product} {ergonomic}
     bool UseG1GC                                  = true                                      {product} {ergonomic}
     bool UseLargePagesIndividualAllocation        = false                                  {pd product} {ergonomic}

Logging:
Log output configuration:
 #0: stdout all=warning uptime,level,tags
 #1: stderr all=off uptime,level,tags

Environment Variables:
JAVA_HOME=C:\Users\Elence\Documents\openjdk-23.0.1_windows-x64_bin\jdk-23.0.1
PATH=C:\Program Files (x86)\Common Files\Oracle\Java\javapath;C:\Windows\system32;C:\Windows;C:\Windows\System32\Wbem;C:\Windows\System32\WindowsPowerShell\v1.0\;C:\Windows\System32\OpenSSH\;C:\Program Files\PuTTY\;C:\Program Files\Microsoft SQL Server\150\Tools\Binn\;C:\Program Files\Microsoft SQL Server\Client SDK\ODBC\170\Tools\Binn\;C:\Program Files\dotnet\;C:\Program Files (x86)\Windows Kits\10\Windows Performance Toolkit\;C:\Program Files\Git\cmd;C:\Program Files\Docker\Docker\resources\bin;C:\Users\Elence\Desktop\gradle-8.7\bin;C:\Program Files (x86)\SlikSvn\bin;C:\Program Files (x86)\SlikSvn\bin;C:\Program Files (x86)\Microsoft SQL Server\160\Tools\Binn\;C:\Program Files\Microsoft SQL Server\160\Tools\Binn\;C:\Program Files\Microsoft SQL Server\160\DTS\Binn\;C:\Program Files (x86)\Microsoft SQL Server\160\DTS\Binn\;C:\Users\Elence\Desktop\apache-maven-3.9.9-bin\bin;C:\Users\Elence\Documents\apache-maven-3.9.9-bin\apache-maven-3.9.9\bin;C:\Users\Elence\Documents\openjdk-23.0.1_windows-x64_bin\jdk-23.0.1\bin;C:\Program Files\Docker\Docker\resources\bin;C:\Users\Elence\AppData\Local\Programs\Python\Python313\Scripts\;C:\Users\Elence\AppData\Local\Programs\Python\Python313\;C:\Users\Elence\AppData\Local\Microsoft\WindowsApps;C:\Users\Elence\AppData\Local\GitHubDesktop\bin;C:\Users\Elence\.dotnet\tools;C:\Program Files (x86)\SlikSvn\bin;C:\Users\Elence\AppData\Local\Programs\Azure Data Studio\bin;C:\Program Files\PostgreSQL\17\bin;
USERNAME=elena
OS=Windows_NT
PROCESSOR_IDENTIFIER=Intel64 Family 6 Model 126 Stepping 5, GenuineIntel
TMP=C:\Users\Elence\AppData\Local\Temp
TEMP=C:\Users\Elence\AppData\Local\Temp


JNI global refs:
JNI global refs: 0, weak refs: 0

JNI global refs memory usage: 0, weak refs: 0

OOME stack traces (most recent first):
Classloader memory used:


---------------  S Y S T E M  ---------------

OS:
 Windows 10 , 64 bit Build 19041 (10.0.19041.5678)
OS uptime: 10 days 1:02 hours
Hyper-V role detected

CPU: total 8 (initial active 8) (4 cores per cpu, 2 threads per core) family 6 model 126 stepping 5 microcode 0xa6, cx8, cmov, fxsr, ht, mmx, 3dnowpref, sse, sse2, sse3, ssse3, sse4.1, sse4.2, popcnt, lzcnt, tsc, tscinvbit, avx, avx2, aes, erms, clmul, bmi1, bmi2, adx, avx512f, avx512dq, avx512cd, avx512bw, avx512vl, sha, fma, vzeroupper, avx512_vpopcntdq, avx512_vpclmulqdq, avx512_vaes, avx512_vnni, clflush, clflushopt, avx512_vbmi2, avx512_vbmi, hv
Processor Information for all 8 processors :
  Max Mhz: 1190, Current Mhz: 991, Mhz Limit: 987

Memory: 4k page, system-wide physical 12069M (347M free)
TotalPageFile size 29543M (AvailPageFile size 8M)
current process WorkingSet (physical memory assigned to process): 10M, peak: 10M
current process commit charge ("private bytes"): 60M, peak: 188M

vm_info: OpenJDK 64-Bit Server VM (17.0.8.1+7-b1000.32) for windows-amd64 JRE (17.0.8.1+7-b1000.32), built on 2023-09-15 by "builduser" with MS VC++ 16.10 / 16.11 (VS2019)

END.
